[20:03:06] [main/INFO]: Loading Minecraft 1.20.1 with Fabric Loader 0.16.3
[20:03:07] [ForkJoinPool-1-worker-2/WARN]: The mod "tcdcommons" contains invalid entries in its mod json:
- Unsupported root entry "" at line 27 column 4
- Unsupported root entry "" at line 27 column 198
- Unsupported root entry "" at line 29 column 4
- Unsupported root entry "" at line 29 column 24
[20:03:07] [ForkJoinPool-1-worker-2/WARN]: The mod "betterstats" contains invalid entries in its mod json:
- Unsupported root entry "" at line 26 column 4
- Unsupported root entry "" at line 26 column 92
- Unsupported root entry "" at line 28 column 4
- Unsupported root entry "" at line 28 column 24
[20:03:07] [ForkJoinPool-1-worker-2/WARN]: Mod mr_dungeons_andtaverns uses the version 3.0.3.f which isn't compatible with Loader's extended semantic version format (Could not parse version number component 'f'!), SemVer is recommended for reliably evaluating dependencies and prioritizing newer version
[20:03:07] [main/WARN]: Mod resolution failed
[20:03:07] [main/INFO]: Immediate reason: [HARD_DEP accessories 1.0.0-beta.47+1.20.1 {depends fabric @ [>=0.92.0]}, HARD_DEP_NO_CANDIDATE fabric-api 0.92.6+1.20.1 {depends fabricloader @ [>=0.16.10]}, ROOT_FORCELOAD_SINGLE accessories 1.0.0-beta.47+1.20.1]
[20:03:07] [main/INFO]: Reason: [HARD_DEP fabric-api 0.92.6+1.20.1 {depends fabricloader @ [>=0.16.10]}, HARD_DEP fabric-language-kotlin 1.13.0+kotlin.2.1.0 {depends fabricloader @ [>=0.16.9]}, HARD_DEP vanillabackport 1.1.4.3 {depends fabricloader @ [>=0.16.11]}, HARD_DEP yungscavebiomes 1.20.1-Fabric-2.0.5 {depends fabricloader @ [>=0.16.5]}, HARD_DEP fabric-object-builder-api-v1 11.1.5+e35120df77 {depends fabricloader @ [>=0.16.10]}]
[20:03:07] [main/INFO]: SERVER environment disabled: [fabric-renderer-api-v1, fabric-keybindings-v0, libipn, betterbeds, fabric-screen-api-v1, fabric-renderer-indigo, tia, brb, worldplaytime, obsidianui, modelfix, fabric-rendering-v0, fabric-sound-api-v1, fabric-rendering-v1, fabric-key-binding-api-v1, spruceui, fabric-model-loading-api-v1, stack-to-nearby-chests, fabric-client-tags-api-v1, inventoryprofilesnext, enhancedblockentities, cherishedworlds, scribble, fabric-blockrenderlayer-v1, betterf3, fabric-renderer-registries-v1, rrls, fabric-models-v0, explosiveenhancement]
[20:03:07] [main/INFO]: Fix: add [], remove [], replace [[fabricloader 0.16.3] -> add:fabricloader 0.16.11 ([[0.16.11,∞)])]
[20:03:07] [main/ERROR]: Incompatible mods found!
net.fabricmc.loader.impl.FormattedException: Some of your mods are incompatible with the game or each other!
A potential solution has been determined, this may resolve your problem:
	 - Replace mod 'Fabric Loader' (fabricloader) 0.16.3 with version 0.16.11 or later.
More details:
	 - Mod 'Fabric API' (fabric-api) 0.92.6+1.20.1 requires version 0.16.10 or later of mod 'Fabric Loader' (fabricloader), but only the wrong version is present: 0.16.3!
	 - Mod 'Fabric Language Kotlin' (fabric-language-kotlin) 1.13.0+kotlin.2.1.0 requires version 0.16.9 or later of mod 'Fabric Loader' (fabricloader), but only the wrong version is present: 0.16.3!
	 - Mod 'VanillaBackport' (vanillabackport) 1.1.4.3 requires version 0.16.11 or later of mod 'Fabric Loader' (fabricloader), but only the wrong version is present: 0.16.3!
	 - Mod 'YUNG's Cave Biomes' (yungscavebiomes) 1.20.1-Fabric-2.0.5 requires version 0.16.5 or later of mod 'Fabric Loader' (fabricloader), but only the wrong version is present: 0.16.3!
	 - Mod 'Fabric Object Builder API (v1)' (fabric-object-builder-api-v1) 11.1.5+e35120df77 requires version 0.16.10 or later of mod 'Fabric Loader' (fabricloader), but only the wrong version is present: 0.16.3!
	at net.fabricmc.loader.impl.FormattedException.ofLocalized(FormattedException.java:51) ~[fabric-loader-0.16.3.jar:?]
	at net.fabricmc.loader.impl.FabricLoaderImpl.load(FabricLoaderImpl.java:196) ~[fabric-loader-0.16.3.jar:?]
	at net.fabricmc.loader.impl.launch.knot.Knot.init(Knot.java:146) ~[fabric-loader-0.16.3.jar:?]
	at net.fabricmc.loader.impl.launch.knot.Knot.launch(Knot.java:68) ~[fabric-loader-0.16.3.jar:?]
	at net.fabricmc.loader.impl.launch.knot.KnotServer.main(KnotServer.java:23) ~[fabric-loader-0.16.3.jar:?]
	at net.fabricmc.loader.impl.launch.server.FabricServerLauncher.main(FabricServerLauncher.java:69) ~[fabric-loader-0.16.3.jar:?]
	at net.fabricmc.installer.ServerLauncher.main(ServerLauncher.java:69) ~[fabric-server-launch.jar:1.0.1]
