[19:11:27] [main/INFO] ========================================
[19:11:27] [main/INFO] Minecraft: 1.20.1
[19:11:27] [main/INFO] Side: server
[19:11:27] [main/INFO] Development: false
[19:11:27] [main/INFO] Version: 12.1.785
[19:11:27] [main/INFO] Loader:
[19:11:27] [main/INFO] - Fabric: 0.17.2
[19:11:27] [main/INFO] - Fabric API: 0.92.6+1.20.1
[19:11:27] [main/INFO] Dependencies:
[19:11:27] [main/INFO] - Cloth Config: 11.1.136
[19:11:27] [main/INFO] - Architectury: 9.2.14
[19:11:27] [main/INFO] Mixin: 0.8.7
[19:11:27] [main/INFO] OS: Linux 6.8.0-1030-azure (amd64)
[19:11:27] [main/INFO] Java: 21.0.8 (Ubuntu)
[19:11:27] [main/INFO] ========================================
[19:11:27] [main/INFO] Mods:
[19:11:27] [main/INFO] - accessories: 1.0.0-beta.47+1.20.1
[19:11:27] [main/INFO] - alternate-current: 1.9.0
[19:11:27] [main/INFO] - architectury: 9.2.14
[19:11:27] [main/INFO] - asynclocator: 1.3.0
[19:11:27] [main/INFO] - bclib: 3.0.14
[19:11:27] [main/INFO] - betterdeserttemples: 1.20-Fabric-3.0.3
[19:11:27] [main/INFO] - betterendisland: 1.20-Fabric-2.0.6
[19:11:27] [main/INFO] - betterfortresses: 1.20-Fabric-2.0.6
[19:11:27] [main/INFO] - betteroceanmonuments: 1.20-Fabric-3.0.4
[19:11:27] [main/INFO] - betterstats: 3.12.6+fabric-1.20.1
[19:11:27] [main/INFO] - bettervillage: 3.3.0
[19:11:27] [main/INFO] - bigendcitiesmod: 1.20.1-1.0.4
[19:11:27] [main/INFO] - blue_endless_jankson: 1.2.3
[19:11:27] [main/INFO] - bodiesbodies: 1.0.1
[19:11:27] [main/INFO] - cactusconfig: 2.1.1+knot+1.20.1
[19:11:27] [main/INFO] - cardinal-components: 5.2.3
[19:11:27] [main/INFO] - cardinal-components-base: 5.2.3
[19:11:27] [main/INFO] - cardinal-components-block: 5.2.3
[19:11:27] [main/INFO] - cardinal-components-chunk: 5.2.3
[19:11:27] [main/INFO] - cardinal-components-entity: 5.2.3
[19:11:27] [main/INFO] - cardinal-components-item: 5.2.3
[19:11:27] [main/INFO] - cardinal-components-level: 5.2.3
[19:11:27] [main/INFO] - cardinal-components-scoreboard: 5.2.3
[19:11:27] [main/INFO] - cardinal-components-world: 5.2.3
[19:11:27] [main/INFO] - carpet: 1.4.112+v230608
[19:11:27] [main/INFO] - carpet-fixes: 1.20-1.16.1
[19:11:27] [main/INFO] - cavedust: 3.0.0
[19:11:27] [main/INFO] - cloth-basic-math: 0.6.1
[19:11:27] [main/INFO] - cloth-config: 11.1.136
[19:11:27] [main/INFO] - cloth-config: 11.1.136
[19:11:27] [main/INFO] - codec-config-api: 3.0.1+1.20.1
[19:11:27] [main/INFO] - collective: 8.3
[19:11:27] [main/INFO] - com_electronwill_night-config_core: 3.6.7
[19:11:27] [main/INFO] - com_electronwill_night-config_toml: 3.6.7
[19:11:27] [main/INFO] - com_eliotlash_mclib_mclib: 20
[19:11:27] [main/INFO] - com_moulberry_mixinconstraints: 1.0.1
[19:11:27] [main/INFO] - com_teamresourceful_bytecodecs: 1.0.2
[19:11:27] [main/INFO] - com_teamresourceful_yabn: 1.0.3
[19:11:27] [main/INFO] - com_twelvemonkeys_common_common-image: 3.12.0
[19:11:27] [main/INFO] - com_twelvemonkeys_common_common-io: 3.12.0
[19:11:27] [main/INFO] - com_twelvemonkeys_common_common-lang: 3.12.0
[19:11:27] [main/INFO] - com_twelvemonkeys_imageio_imageio-core: 3.12.0
[19:11:27] [main/INFO] - com_twelvemonkeys_imageio_imageio-metadata: 3.12.0
[19:11:27] [main/INFO] - com_twelvemonkeys_imageio_imageio-webp: 3.12.0
[19:11:27] [main/INFO] - conditional-mixin: 0.3.1
[19:11:27] [main/INFO] - creeperoverhaul: 3.0.2
[19:11:27] [main/INFO] - crops_love_rain: 1.4.0
[19:11:27] [main/INFO] - ctov: 3.4.14
[19:11:27] [main/INFO] - customizableelytra: 2.1.2+1.20
[19:11:27] [main/INFO] - customportalapi: 0.0.1-beta64-1.20
[19:11:27] [main/INFO] - deeperdarker: 1.3.3
[19:11:27] [main/INFO] - easyshulkerboxes: 8.0.2
[19:11:27] [main/INFO] - ecologics: 2.2.2
[19:11:27] [main/INFO] - endermanoverhaul: 1.0.4
[19:11:27] [main/INFO] - endrem: 5.2.4
[19:11:27] [main/INFO] - error_notifier: 1.0.9
[19:11:27] [main/INFO] - fabric-api: 0.92.6+1.20.1
[19:11:27] [main/INFO] - fabric-api: 0.92.6+1.20.1
[19:11:27] [main/INFO] - fabric-api-base: 0.4.32+1802ada577
[19:11:27] [main/INFO] - fabric-api-lookup-api-v1: 1.6.37+1802ada577
[19:11:27] [main/INFO] - fabric-biome-api-v1: 13.0.14+1802ada577
[19:11:27] [main/INFO] - fabric-block-api-v1: 1.0.12+1802ada577
[19:11:27] [main/INFO] - fabric-block-view-api-v2: 1.0.3+924f046a77
[19:11:27] [main/INFO] - fabric-command-api-v1: 1.2.35+f71b366f77
[19:11:27] [main/INFO] - fabric-command-api-v2: 2.2.14+1802ada577
[19:11:27] [main/INFO] - fabric-commands-v0: 0.2.52+df3654b377
[19:11:27] [main/INFO] - fabric-containers-v0: 0.1.67+df3654b377
[19:11:27] [main/INFO] - fabric-content-registries-v0: 4.0.13+1802ada577
[19:11:27] [main/INFO] - fabric-convention-tags-v1: 1.5.6+1802ada577
[19:11:27] [main/INFO] - fabric-crash-report-info-v1: 0.2.20+1802ada577
[19:11:27] [main/INFO] - fabric-data-attachment-api-v1: 1.0.2+de0fd6d177
[19:11:27] [main/INFO] - fabric-data-generation-api-v1: 12.3.7+1802ada577
[19:11:27] [main/INFO] - fabric-dimensions-v1: 2.1.55+1802ada577
[19:11:27] [main/INFO] - fabric-entity-events-v1: 1.6.1+1c78457f77
[19:11:27] [main/INFO] - fabric-events-interaction-v0: 0.6.5+13a40c6677
[19:11:27] [main/INFO] - fabric-events-lifecycle-v0: 0.2.64+df3654b377
[19:11:27] [main/INFO] - fabric-game-rule-api-v1: 1.0.41+1802ada577
[19:11:27] [main/INFO] - fabric-item-api-v1: 2.1.29+1802ada577
[19:11:27] [main/INFO] - fabric-item-group-api-v1: 4.0.14+1802ada577
[19:11:27] [main/INFO] - fabric-language-kotlin: 1.13.0+kotlin.2.1.0
[19:11:27] [main/INFO] - fabric-lifecycle-events-v1: 2.2.23+1802ada577
[19:11:27] [main/INFO] - fabric-loot-api-v2: 1.2.3+1802ada577
[19:11:27] [main/INFO] - fabric-loot-tables-v1: 1.1.47+9e7660c677
[19:11:27] [main/INFO] - fabric-message-api-v1: 5.1.10+1802ada577
[19:11:27] [main/INFO] - fabric-mining-level-api-v1: 2.1.52+1802ada577
[19:11:27] [main/INFO] - fabric-networking-api-v1: 1.3.14+a158aa0477
[19:11:27] [main/INFO] - fabric-networking-v0: 0.3.54+df3654b377
[19:11:27] [main/INFO] - fabric-object-builder-api-v1: 11.1.5+e35120df77
[19:11:27] [main/INFO] - fabric-particles-v1: 1.1.3+1802ada577
[19:11:27] [main/INFO] - fabric-permissions-api-v0: 0.3.1
[19:11:27] [main/INFO] - fabric-recipe-api-v1: 1.0.24+1802ada577
[19:11:27] [main/INFO] - fabric-registry-sync-v0: 2.3.6+1802ada577
[19:11:27] [main/INFO] - fabric-rendering-data-attachment-v1: 0.3.39+92a0d36777
[19:11:27] [main/INFO] - fabric-rendering-fluids-v1: 3.0.29+1802ada577
[19:11:27] [main/INFO] - fabric-resource-conditions-api-v1: 2.3.9+1802ada577
[19:11:27] [main/INFO] - fabric-resource-loader-v0: 0.11.12+fb82e9d777
[19:11:27] [main/INFO] - fabric-screen-handler-api-v1: 1.3.33+1802ada577
[19:11:27] [main/INFO] - fabric-transfer-api-v1: 3.3.6+8dd72ea377
[19:11:27] [main/INFO] - fabric-transitive-access-wideners-v1: 4.3.2+1802ada577
[19:11:27] [main/INFO] - fabricloader: 0.17.2
[19:11:27] [main/INFO] - faster-random: 5.1.0
[19:11:27] [main/INFO] - ferritecore: 6.0.1
[19:11:27] [main/INFO] - forgeconfigapiport: 8.0.2
[19:11:27] [main/INFO] - formations: 1.0.3
[19:11:27] [main/INFO] - formationsnether: 1.0.5
[19:11:27] [main/INFO] - formationsoverworld: 1.0.4
[19:11:27] [main/INFO] - friendsandfoes: 3.0.9
[19:11:27] [main/INFO] - fzzy_config: 0.7.2+1.20.1
[19:11:27] [main/INFO] - geckolib: 4.8.2
[19:11:27] [main/INFO] - glowing-torchflower: 1.1.0
[19:11:27] [main/INFO] - gottagofast: 1.2.0+1.20
[19:11:27] [main/INFO] - grindenchantments: 3.1.4+1.20.1
[19:11:27] [main/INFO] - hopobettermineshaft: 1.2.2
[19:11:27] [main/INFO] - hopobetterruinedportal: 1.3.7
[19:11:27] [main/INFO] - hopobetterunderwaterruins: 1.1.5
[19:11:27] [main/INFO] - horsebuff: 2.1.2
[19:11:27] [main/INFO] - iceberg: 1.1.25
[19:11:27] [main/INFO] - icterine: 1.3.0
[19:11:27] [main/INFO] - immersivelanterns: 1.0.4
[19:11:27] [main/INFO] - incendium: 5.3.5
[19:11:27] [main/INFO] - io_wispforest_endec: 0.1.8
[19:11:27] [main/INFO] - io_wispforest_endec_gson: 0.1.5
[19:11:27] [main/INFO] - io_wispforest_endec_netty: 0.1.4
[19:11:27] [main/INFO] - jamlib: 0.6.1+1.20.x
[19:11:27] [main/INFO] - java: 21
[19:11:27] [main/INFO] - kirin: 1.15.6+1.20.1
[19:11:27] [main/INFO] - ksyxis: 1.3.4
[19:11:27] [main/INFO] - lazydfu: 0.1.3
[19:11:27] [main/INFO] - libraryferret: 4.0.0
[19:11:27] [main/INFO] - lithium: 0.11.2
[19:11:27] [main/INFO] - lithostitched: 1.4.7
[19:11:27] [main/INFO] - mediumcore: 1.0.0
[19:11:27] [main/INFO] - memoryleakfix: 1.1.5
[19:11:27] [main/INFO] - mes: 1.4.6-1.20-fabric
[19:11:27] [main/INFO] - minecraft: 1.20.1
[19:11:27] [main/INFO] - mixinextras: 0.5.0
[19:11:27] [main/INFO] - mns: 1.0.1-1.20-fabric
[19:11:27] [main/INFO] - modernfix: 5.19.4+mc1.20.1
[19:11:27] [main/INFO] - moremobvariants: 1.3.1
[19:11:27] [main/INFO] - mr_dungeons_andtaverns: 3.0.3.f
[19:11:27] [main/INFO] - mr_dungeons_andtavernsstrongholdrework: 1
[19:11:27] [main/INFO] - mr_edf_remastered: 4.3
[19:11:27] [main/INFO] - mr_mastercutter: 1.1
[19:11:27] [main/INFO] - mr_true_ending: 1-v1.1.0c
[19:11:27] [main/INFO] - net_peanuuutz_tomlkt_tomlkt-jvm: 0.3.7
[19:11:27] [main/INFO] - netherexp: 2.1.3
[19:11:27] [main/INFO] - nullscape: 1.2.7
[19:11:27] [main/INFO] - org_javassist_javassist: 3.29.2-GA
[19:11:27] [main/INFO] - org_jetbrains_kotlin_kotlin-reflect: 2.1.0
[19:11:27] [main/INFO] - org_jetbrains_kotlin_kotlin-stdlib: 2.1.0
[19:11:27] [main/INFO] - org_jetbrains_kotlin_kotlin-stdlib-jdk7: 2.1.0
[19:11:27] [main/INFO] - org_jetbrains_kotlin_kotlin-stdlib-jdk8: 2.1.0
[19:11:27] [main/INFO] - org_jetbrains_kotlinx_atomicfu-jvm: 0.26.1
[19:11:27] [main/INFO] - org_jetbrains_kotlinx_kotlinx-coroutines-core-jvm: 1.9.0
[19:11:27] [main/INFO] - org_jetbrains_kotlinx_kotlinx-coroutines-jdk8: 1.9.0
[19:11:27] [main/INFO] - org_jetbrains_kotlinx_kotlinx-datetime-jvm: 0.6.1
[19:11:27] [main/INFO] - org_jetbrains_kotlinx_kotlinx-io-bytestring-jvm: 0.6.0
[19:11:27] [main/INFO] - org_jetbrains_kotlinx_kotlinx-io-core-jvm: 0.6.0
[19:11:27] [main/INFO] - org_jetbrains_kotlinx_kotlinx-serialization-cbor-jvm: 1.7.3
[19:11:27] [main/INFO] - org_jetbrains_kotlinx_kotlinx-serialization-core-jvm: 1.7.3
[19:11:27] [main/INFO] - org_jetbrains_kotlinx_kotlinx-serialization-json-jvm: 1.7.3
[19:11:27] [main/INFO] - org_quiltmc_parsers_gson: 0.2.1
[19:11:27] [main/INFO] - org_quiltmc_parsers_json: 0.2.1
[19:11:27] [main/INFO] - org_reflections_reflections: 0.10.2
[19:11:27] [main/INFO] - owo: 0.11.2+1.20
[19:11:27] [main/INFO] - paraglider: 20.1.3
[19:11:27] [main/INFO] - platform: 1.2.10.1
[19:11:27] [main/INFO] - puzzlesaccessapi: 8.0.9
[19:11:27] [main/INFO] - puzzlesapi: 8.1.6
[19:11:27] [main/INFO] - puzzleslib: 8.1.24
[19:11:27] [main/INFO] - radiantgear: 2.1.6+1.20.1
[19:11:27] [main/INFO] - reach-entity-attributes: 2.4.0
[19:11:27] [main/INFO] - resourcefulconfig: 2.1.3
[19:11:27] [main/INFO] - resourcefullib: 2.1.29
[19:11:27] [main/INFO] - rightclickharvest: 3.2.3+1.19.x-1.20.1-fabric
[19:11:27] [main/INFO] - roughlyenoughitems: 12.1.785
[19:11:27] [main/INFO] - simplemod: 1.20.1
[19:11:27] [main/INFO] - starlight: 1.1.2+fabric.dbc156f
[19:11:27] [main/INFO] - sushi_bar: 0.2.2+1.20
[19:11:27] [main/INFO] - tcdcommons: 3.12.3+fabric-1.20.1
[19:11:27] [main/INFO] - terrablender: 3.0.1.10
[19:11:27] [main/INFO] - terralith: 2.5.4
[19:11:27] [main/INFO] - threadtweak: 1.20.2-0.1.1
[19:11:27] [main/INFO] - toggleableitemframes: 5.1.0-1.20.1
[19:11:27] [main/INFO] - travelersbackpack: 9.1.36
[19:11:27] [main/INFO] - treeharvester: 9.1
[19:11:27] [main/INFO] - trinkets: 3.7.2
[19:11:27] [main/INFO] - txnilib: 1.0.24
[19:11:27] [main/INFO] - u_desert: 1.6.0
[19:11:27] [main/INFO] - unwrecked_ships_plus: 2.0.5
[19:11:27] [main/INFO] - vanillabackport: 1.1.4.3
[19:11:27] [main/INFO] - visibletraders: 0.0.4
[19:11:27] [main/INFO] - vmp: 0.2.0+beta.7.102
[19:11:27] [main/INFO] - wabi_sabi_structures: 2.0.0-1.20
[19:11:27] [main/INFO] - wunderlib: 1.1.5
[19:11:27] [main/INFO] - yet_another_config_lib_v3: 3.6.6+1.20.1-fabric
[19:11:27] [main/INFO] - yungsapi: 1.20-Fabric-4.0.6
[19:11:27] [main/INFO] - yungscavebiomes: 1.20.1-Fabric-2.0.5
[19:11:27] [main/INFO] - yungsextras: 1.20-Fabric-4.0.3
[19:11:27] [main/INFO] ========================================
[19:11:27] [main/INFO] [REI] Registered plugin provider DefaultPlugin [roughlyenoughitems] for REIPlugin
[19:11:27] [main/INFO] [REI] Registered plugin provider DefaultRuntimePlugin [roughlyenoughitems] for REIPlugin
[19:11:27] [main/INFO] [REI] Registered plugin provider DefaultPlugin [roughlyenoughitems] for REIServerPlugin
[19:11:27] [main/INFO] [REI] Registered plugin provider DefaultRuntimePlugin [roughlyenoughitems] for REIServerPlugin
[19:11:27] [main/INFO] [REI] Registered plugin provider FabricFluidAPISupportPlugin for REIServerPlugin
[19:11:27] [main/INFO] [REI] Registered plugin provider FabricFluidAPISupportPlugin for REIPlugin
[19:12:03] [Worker-Main-3/DEBUG] [REI] Processed 7 tags in 1.011 ms for minecraft:game_event
[19:12:03] [Worker-Main-1/DEBUG] [REI] Processed 2 tags in 442.6 μs for minecraft:cat_variant
[19:12:03] [Worker-Main-1/DEBUG] [REI] Processed 0 tags in 33.88 μs for minecraft:worldgen/structure
[19:12:03] [Worker-Main-1/DEBUG] [REI] Processed 5 tags in 30.55 μs for minecraft:fluid
[19:12:03] [Worker-Main-1/DEBUG] [REI] Processed 7 tags in 48.50 μs for minecraft:banner_pattern
[19:12:03] [Worker-Main-1/DEBUG] [REI] Processed 68 tags in 430.1 μs for minecraft:entity_type
[19:12:03] [Worker-Main-1/DEBUG] [REI] Processed 2 tags in 62.26 μs for minecraft:painting_variant
[19:12:03] [Worker-Main-1/DEBUG] [REI] Processed 5 tags in 26.18 μs for minecraft:enchantment
[19:12:03] [Worker-Main-3/DEBUG] [REI] Processed 266 tags in 3.587 ms for minecraft:item
[19:12:03] [Worker-Main-3/DEBUG] [REI] Processed 0 tags in 11.54 μs for minecraft:worldgen/processor_list
[19:12:03] [Worker-Main-3/DEBUG] [REI] Processed 0 tags in 4.468 μs for minecraft:dimension_type
[19:12:03] [Worker-Main-3/DEBUG] [REI] Processed 3 tags in 25.05 μs for minecraft:instrument
[19:12:03] [Worker-Main-3/DEBUG] [REI] Processed 5 tags in 28.59 μs for minecraft:point_of_interest_type
[19:12:03] [Worker-Main-3/DEBUG] [REI] Processed 0 tags in 4.409 μs for minecraft:worldgen/structure_set
[19:12:03] [Worker-Main-3/DEBUG] [REI] Processed 0 tags in 1.627 ms for minecraft:damage_type
[19:12:03] [Worker-Main-3/DEBUG] [REI] Processed 0 tags in 3.997 μs for minecraft:worldgen/flat_level_generator_preset
[19:12:03] [Worker-Main-3/DEBUG] [REI] Processed 0 tags in 4.729 μs for minecraft:worldgen/world_preset
[19:12:03] [Worker-Main-1/DEBUG] [REI] Processed 0 tags in 127.2 μs for minecraft:worldgen/biome
[19:12:03] [Worker-Main-2/DEBUG] [REI] Processed 452 tags in 6.661 ms for minecraft:block
[19:12:04] [main/DEBUG] [REI] Starting Reload Plugins of stage null
java.lang.Throwable
	at knot//me.shedaniel.rei.impl.common.plugins.ReloadManagerImpl.reloadPlugins(ReloadManagerImpl.java:110)
	at knot//me.shedaniel.rei.RoughlyEnoughItemsCore.lambda$onInitialize$5(RoughlyEnoughItemsCore.java:163)
	at java.base/java.util.concurrent.CompletableFuture$UniRun.tryFire(CompletableFuture.java:787)
	at java.base/java.util.concurrent.CompletableFuture$Completion.run(CompletableFuture.java:482)
	at knot//net.minecraft.class_4014.method_18365(class_4014.java:69)
	at knot//net.minecraft.class_156.method_43498(class_156.java:950)
	at knot//net.minecraft.class_156.method_43499(class_156.java:938)
	at knot//net.minecraft.server.Main.main(Main.java:160)
	at net.fabricmc.loader.impl.game.minecraft.MinecraftGameProvider.launch(MinecraftGameProvider.java:506)
	at net.fabricmc.loader.impl.launch.knot.Knot.launch(Knot.java:72)
	at net.fabricmc.loader.impl.launch.knot.KnotServer.main(KnotServer.java:23)
	at net.fabricmc.loader.impl.launch.server.FabricServerLauncher.main(FabricServerLauncher.java:69)
	at net.fabricmc.installer.ServerLauncher.main(ServerLauncher.java:69)
[19:12:04] [main/DEBUG] [REI] ========================================
[19:12:04] [main/DEBUG] [REI] REIPlugin starting pre-reload for START.
[19:12:04] [main/DEBUG] [REI] Reloadables (7):
[19:12:04] [main/DEBUG] [REI]  - EntryTypeRegistryImpl
[19:12:04] [main/DEBUG] [REI]  - EntrySettingsAdapterRegistryImpl
[19:12:04] [main/DEBUG] [REI]  - RecipeManagerContextImpl
[19:12:04] [main/DEBUG] [REI]  - ItemComparatorRegistryImpl
[19:12:04] [main/DEBUG] [REI]  - FluidComparatorRegistryImpl
[19:12:04] [main/DEBUG] [REI]  - DisplaySerializerRegistryImpl
[19:12:04] [main/DEBUG] [REI]  - FluidSupportProviderImpl
[19:12:04] [main/DEBUG] [REI] Plugins (3):
[19:12:04] [main/DEBUG] [REI]  - (-100.00) DefaultPlugin of DefaultPlugin [roughlyenoughitems]
[19:12:04] [main/DEBUG] [REI]  - (0.00) FabricFluidAPISupportPlugin
[19:12:04] [main/DEBUG] [REI]  - (0.00) DefaultRuntimePlugin of DefaultRuntimePlugin [roughlyenoughitems]
[19:12:04] [main/DEBUG] [REI] ========================================
[19:12:04] [main/TRACE] [REI] [REIPlugin START] Reloading Section: "pre-register/"
[19:12:04] [main/TRACE] [REI] [REIPlugin START] Reloading Section: "pre-register/DefaultPlugin of DefaultPlugin [roughlyenoughitems]/"
[19:12:04] [main/TRACE] [REI] [REIPlugin START] Reloading Section: "pre-register/DefaultPlugin of DefaultPlugin [roughlyenoughitems]/" done in 991.1 μs
[19:12:04] [main/TRACE] [REI] [REIPlugin START] Reloading Section: "pre-register/FabricFluidAPISupportPlugin/"
[19:12:04] [main/TRACE] [REI] [REIPlugin START] Reloading Section: "pre-register/FabricFluidAPISupportPlugin/" done in 50.01 μs
[19:12:04] [main/TRACE] [REI] [REIPlugin START] Reloading Section: "pre-register/DefaultRuntimePlugin of DefaultRuntimePlugin [roughlyenoughitems]/"
[19:12:04] [main/TRACE] [REI] [REIPlugin START] Reloading Section: "pre-register/DefaultRuntimePlugin of DefaultRuntimePlugin [roughlyenoughitems]/" done in 43.62 μs
[19:12:04] [main/TRACE] [REI] [REIPlugin START] Reloading Section: "pre-register/" done in 11.38 ms
[19:12:04] [main/TRACE] [REI] [REIPlugin START] Reloading Section: "pre-stage/"
[19:12:04] [main/TRACE] [REI] [REIPlugin START] Reloading Section: "pre-stage/EntryTypeRegistryImpl/"
[19:12:04] [main/TRACE] [REI] [REIPlugin START] Reloading Section: "pre-stage/EntryTypeRegistryImpl/" done in 194.3 μs
[19:12:04] [main/TRACE] [REI] [REIPlugin START] Reloading Section: "pre-stage/EntrySettingsAdapterRegistryImpl/"
[19:12:04] [main/TRACE] [REI] [REIPlugin START] Reloading Section: "pre-stage/EntrySettingsAdapterRegistryImpl/" done in 42.57 μs
[19:12:04] [main/TRACE] [REI] [REIPlugin START] Reloading Section: "pre-stage/RecipeManagerContextImpl/"
[19:12:04] [main/TRACE] [REI] [REIPlugin START] Reloading Section: "pre-stage/RecipeManagerContextImpl/" done in 45.93 μs
[19:12:04] [main/TRACE] [REI] [REIPlugin START] Reloading Section: "pre-stage/ItemComparatorRegistryImpl/"
[19:12:04] [main/TRACE] [REI] [REIPlugin START] Reloading Section: "pre-stage/ItemComparatorRegistryImpl/" done in 42.15 μs
[19:12:04] [main/TRACE] [REI] [REIPlugin START] Reloading Section: "pre-stage/FluidComparatorRegistryImpl/"
[19:12:04] [main/TRACE] [REI] [REIPlugin START] Reloading Section: "pre-stage/FluidComparatorRegistryImpl/" done in 64.04 μs
[19:12:04] [main/TRACE] [REI] [REIPlugin START] Reloading Section: "pre-stage/DisplaySerializerRegistryImpl/"
[19:12:04] [main/TRACE] [REI] [REIPlugin START] Reloading Section: "pre-stage/DisplaySerializerRegistryImpl/" done in 45.77 μs
[19:12:04] [main/TRACE] [REI] [REIPlugin START] Reloading Section: "pre-stage/FluidSupportProviderImpl/"
[19:12:04] [main/TRACE] [REI] [REIPlugin START] Reloading Section: "pre-stage/FluidSupportProviderImpl/" done in 37.81 μs
[19:12:04] [main/TRACE] [REI] [REIPlugin START] Reloading Section: "pre-stage/" done in 1.216 ms
[19:12:04] [main/DEBUG] [REI] ========================================
[19:12:04] [main/DEBUG] [REI] REIPlugin finished pre-reload for START in 13.06 ms.
[19:12:04] [main/DEBUG] [REI] ========================================
[19:12:04] [main/DEBUG] [REI] ========================================
[19:12:04] [main/DEBUG] [REI] REIServerPlugin starting pre-reload for START.
[19:12:04] [main/DEBUG] [REI] Reloadables (2):
[19:12:04] [main/DEBUG] [REI]  - MenuInfoRegistryImpl
[19:12:04] [main/DEBUG] [REI]  - SlotAccessorRegistryImpl
[19:12:04] [main/DEBUG] [REI] Plugins (3):
[19:12:04] [main/DEBUG] [REI]  - (-100.00) DefaultPlugin of DefaultPlugin [roughlyenoughitems]
[19:12:04] [main/DEBUG] [REI]  - (0.00) FabricFluidAPISupportPlugin
[19:12:04] [main/DEBUG] [REI]  - (0.00) DefaultRuntimePlugin of DefaultRuntimePlugin [roughlyenoughitems]
[19:12:04] [main/DEBUG] [REI] ========================================
[19:12:04] [main/TRACE] [REI] [REIServerPlugin START] Reloading Section: "pre-register/"
[19:12:04] [main/TRACE] [REI] [REIServerPlugin START] Reloading Section: "pre-register/DefaultPlugin of DefaultPlugin [roughlyenoughitems]/"
[19:12:04] [main/TRACE] [REI] [REIServerPlugin START] Reloading Section: "pre-register/DefaultPlugin of DefaultPlugin [roughlyenoughitems]/" done in 38.65 μs
[19:12:04] [main/TRACE] [REI] [REIServerPlugin START] Reloading Section: "pre-register/FabricFluidAPISupportPlugin/"
[19:12:04] [main/TRACE] [REI] [REIServerPlugin START] Reloading Section: "pre-register/FabricFluidAPISupportPlugin/" done in 52.25 μs
[19:12:04] [main/TRACE] [REI] [REIServerPlugin START] Reloading Section: "pre-register/DefaultRuntimePlugin of DefaultRuntimePlugin [roughlyenoughitems]/"
[19:12:04] [main/TRACE] [REI] [REIServerPlugin START] Reloading Section: "pre-register/DefaultRuntimePlugin of DefaultRuntimePlugin [roughlyenoughitems]/" done in 41.38 μs
[19:12:04] [main/TRACE] [REI] [REIServerPlugin START] Reloading Section: "pre-register/" done in 455.4 μs
[19:12:04] [main/TRACE] [REI] [REIServerPlugin START] Reloading Section: "pre-stage/"
[19:12:04] [main/TRACE] [REI] [REIServerPlugin START] Reloading Section: "pre-stage/MenuInfoRegistryImpl/"
[19:12:04] [main/TRACE] [REI] [REIServerPlugin START] Reloading Section: "pre-stage/MenuInfoRegistryImpl/" done in 37.09 μs
[19:12:04] [main/TRACE] [REI] [REIServerPlugin START] Reloading Section: "pre-stage/SlotAccessorRegistryImpl/"
[19:12:04] [main/TRACE] [REI] [REIServerPlugin START] Reloading Section: "pre-stage/SlotAccessorRegistryImpl/" done in 40.17 μs
[19:12:04] [main/TRACE] [REI] [REIServerPlugin START] Reloading Section: "pre-stage/" done in 279.6 μs
[19:12:04] [main/DEBUG] [REI] ========================================
[19:12:04] [main/DEBUG] [REI] REIServerPlugin finished pre-reload for START in 931.2 μs.
[19:12:04] [main/DEBUG] [REI] ========================================
[19:12:04] [main/INFO] [REI] %%%%%%%%%%%%%%%%%%%%%%%%%%%%%%%%%%%%%%%%
[19:12:04] [main/INFO] [REI] REIPlugin starting main-reload for START.
[19:12:04] [main/DEBUG] [REI] Reloadables (7):
[19:12:04] [main/DEBUG] [REI]  - EntryTypeRegistryImpl
[19:12:04] [main/DEBUG] [REI]  - EntrySettingsAdapterRegistryImpl
[19:12:04] [main/DEBUG] [REI]  - RecipeManagerContextImpl
[19:12:04] [main/DEBUG] [REI]  - ItemComparatorRegistryImpl
[19:12:04] [main/DEBUG] [REI]  - FluidComparatorRegistryImpl
[19:12:04] [main/DEBUG] [REI]  - DisplaySerializerRegistryImpl
[19:12:04] [main/DEBUG] [REI]  - FluidSupportProviderImpl
[19:12:04] [main/INFO] [REI] Plugins (3):
[19:12:04] [main/INFO] [REI]  - (-100.00) DefaultPlugin of DefaultPlugin [roughlyenoughitems]
[19:12:04] [main/INFO] [REI]  - (0.00) FabricFluidAPISupportPlugin
[19:12:04] [main/INFO] [REI]  - (0.00) DefaultRuntimePlugin of DefaultRuntimePlugin [roughlyenoughitems]
[19:12:04] [main/INFO] [REI] %%%%%%%%%%%%%%%%%%%%%%%%%%%%%%%%%%%%%%%%
[19:12:04] [main/TRACE] [REI] [REIPlugin START] Reloading Section: "start-reload/"
[19:12:04] [main/TRACE] [REI] [REIPlugin START] Reloading Section: "start-reload/EntryTypeRegistryImpl/"
[19:12:04] [main/TRACE] [REI] [REIPlugin START] Reloading Section: "start-reload/EntryTypeRegistryImpl/" done in 82.10 μs
[19:12:04] [main/TRACE] [REI] [REIPlugin START] Reloading Section: "start-reload/EntrySettingsAdapterRegistryImpl/"
[19:12:04] [main/TRACE] [REI] [REIPlugin START] Reloading Section: "start-reload/EntrySettingsAdapterRegistryImpl/" done in 43.82 μs
[19:12:04] [main/TRACE] [REI] [REIPlugin START] Reloading Section: "start-reload/RecipeManagerContextImpl/"
[19:12:04] [main/TRACE] [REI] [REIPlugin START] Reloading Section: "start-reload/RecipeManagerContextImpl/" done in 37.20 μs
[19:12:04] [main/TRACE] [REI] [REIPlugin START] Reloading Section: "start-reload/ItemComparatorRegistryImpl/"
[19:12:04] [main/TRACE] [REI] [REIPlugin START] Reloading Section: "start-reload/ItemComparatorRegistryImpl/" done in 78.64 μs
[19:12:04] [main/TRACE] [REI] [REIPlugin START] Reloading Section: "start-reload/FluidComparatorRegistryImpl/"
[19:12:04] [main/TRACE] [REI] [REIPlugin START] Reloading Section: "start-reload/FluidComparatorRegistryImpl/" done in 48.01 μs
[19:12:04] [main/TRACE] [REI] [REIPlugin START] Reloading Section: "start-reload/DisplaySerializerRegistryImpl/"
[19:12:04] [main/TRACE] [REI] [REIPlugin START] Reloading Section: "start-reload/DisplaySerializerRegistryImpl/" done in 40.90 μs
[19:12:04] [main/TRACE] [REI] [REIPlugin START] Reloading Section: "start-reload/FluidSupportProviderImpl/"
[19:12:04] [main/TRACE] [REI] [REIPlugin START] Reloading Section: "start-reload/FluidSupportProviderImpl/" done in 52.45 μs
[19:12:04] [main/TRACE] [REI] [REIPlugin START] Reloading Section: "start-reload/" done in 1.104 ms
[19:12:04] [main/DEBUG] [REI] ========================================
[19:12:04] [main/DEBUG] [REI] REIPlugin started main-reload for START.
[19:12:04] [main/DEBUG] [REI] ========================================
[19:12:04] [main/TRACE] [REI] [REIPlugin START] Reloading Section: "reloadable-plugin/EntryTypeRegistryImpl/"
[19:12:04] [main/TRACE] [REI] [REIPlugin START] Reloading Section: "reloadable-plugin/EntryTypeRegistryImpl/DefaultPlugin of DefaultPlugin [roughlyenoughitems]/"
[19:12:04] [main/TRACE] [REI] [REIPlugin START] Reloading Section: "reloadable-plugin/EntryTypeRegistryImpl/DefaultPlugin of DefaultPlugin [roughlyenoughitems]/" done in 218.0 μs
[19:12:04] [main/TRACE] [REI] [REIPlugin START] Reloading Section: "reloadable-plugin/EntryTypeRegistryImpl/FabricFluidAPISupportPlugin/"
[19:12:04] [main/TRACE] [REI] [REIPlugin START] Reloading Section: "reloadable-plugin/EntryTypeRegistryImpl/FabricFluidAPISupportPlugin/" done in 92.62 μs
[19:12:04] [main/TRACE] [REI] [REIPlugin START] Reloading Section: "reloadable-plugin/EntryTypeRegistryImpl/DefaultRuntimePlugin of DefaultRuntimePlugin [roughlyenoughitems]/"
[19:12:04] [main/TRACE] [REI] [REIPlugin START] Reloading Section: "reloadable-plugin/EntryTypeRegistryImpl/DefaultRuntimePlugin of DefaultRuntimePlugin [roughlyenoughitems]/" done in 6.775 ms
[19:12:04] [main/TRACE] [REI] [REIPlugin START] Reloading Section: "reloadable-plugin/EntryTypeRegistryImpl/" done in 7.947 ms
[19:12:04] [main/TRACE] [REI] [REIPlugin START] Reloading Section: "reloadable-plugin/EntrySettingsAdapterRegistryImpl/"
[19:12:04] [main/TRACE] [REI] [REIPlugin START] Reloading Section: "reloadable-plugin/EntrySettingsAdapterRegistryImpl/DefaultPlugin of DefaultPlugin [roughlyenoughitems]/"
[19:12:04] [main/TRACE] [REI] [REIPlugin START] Reloading Section: "reloadable-plugin/EntrySettingsAdapterRegistryImpl/DefaultPlugin of DefaultPlugin [roughlyenoughitems]/" done in 76.34 μs
[19:12:04] [main/TRACE] [REI] [REIPlugin START] Reloading Section: "reloadable-plugin/EntrySettingsAdapterRegistryImpl/FabricFluidAPISupportPlugin/"
[19:12:04] [main/TRACE] [REI] [REIPlugin START] Reloading Section: "reloadable-plugin/EntrySettingsAdapterRegistryImpl/FabricFluidAPISupportPlugin/" done in 71.02 μs
[19:12:04] [main/TRACE] [REI] [REIPlugin START] Reloading Section: "reloadable-plugin/EntrySettingsAdapterRegistryImpl/DefaultRuntimePlugin of DefaultRuntimePlugin [roughlyenoughitems]/"
[19:12:04] [main/TRACE] [REI] [REIPlugin START] Reloading Section: "reloadable-plugin/EntrySettingsAdapterRegistryImpl/DefaultRuntimePlugin of DefaultRuntimePlugin [roughlyenoughitems]/" done in 53.62 μs
[19:12:04] [main/TRACE] [REI] [REIPlugin START] Reloading Section: "reloadable-plugin/EntrySettingsAdapterRegistryImpl/" done in 688.7 μs
[19:12:04] [main/TRACE] [REI] [REIPlugin START] Reloading Section: "reloadable-plugin/RecipeManagerContextImpl/"
[19:12:04] [main/TRACE] [REI] [REIPlugin START] Reloading Section: "reloadable-plugin/RecipeManagerContextImpl/DefaultPlugin of DefaultPlugin [roughlyenoughitems]/"
[19:12:04] [main/TRACE] [REI] [REIPlugin START] Reloading Section: "reloadable-plugin/RecipeManagerContextImpl/DefaultPlugin of DefaultPlugin [roughlyenoughitems]/" done in 50.73 μs
[19:12:04] [main/TRACE] [REI] [REIPlugin START] Reloading Section: "reloadable-plugin/RecipeManagerContextImpl/FabricFluidAPISupportPlugin/"
[19:12:04] [main/TRACE] [REI] [REIPlugin START] Reloading Section: "reloadable-plugin/RecipeManagerContextImpl/FabricFluidAPISupportPlugin/" done in 59.22 μs
[19:12:04] [main/TRACE] [REI] [REIPlugin START] Reloading Section: "reloadable-plugin/RecipeManagerContextImpl/DefaultRuntimePlugin of DefaultRuntimePlugin [roughlyenoughitems]/"
[19:12:04] [main/TRACE] [REI] [REIPlugin START] Reloading Section: "reloadable-plugin/RecipeManagerContextImpl/DefaultRuntimePlugin of DefaultRuntimePlugin [roughlyenoughitems]/" done in 99.30 μs
[19:12:04] [main/TRACE] [REI] [REIPlugin START] Reloading Section: "reloadable-plugin/RecipeManagerContextImpl/" done in 592.5 μs
[19:12:04] [main/TRACE] [REI] [REIPlugin START] Reloading Section: "reloadable-plugin/ItemComparatorRegistryImpl/"
[19:12:04] [main/TRACE] [REI] [REIPlugin START] Reloading Section: "reloadable-plugin/ItemComparatorRegistryImpl/DefaultPlugin of DefaultPlugin [roughlyenoughitems]/"
[19:12:04] [main/TRACE] [REI] [REIPlugin START] Reloading Section: "reloadable-plugin/ItemComparatorRegistryImpl/DefaultPlugin of DefaultPlugin [roughlyenoughitems]/" done in 1.241 ms
[19:12:04] [main/TRACE] [REI] [REIPlugin START] Reloading Section: "reloadable-plugin/ItemComparatorRegistryImpl/FabricFluidAPISupportPlugin/"
[19:12:04] [main/TRACE] [REI] [REIPlugin START] Reloading Section: "reloadable-plugin/ItemComparatorRegistryImpl/FabricFluidAPISupportPlugin/" done in 52.12 μs
[19:12:04] [main/TRACE] [REI] [REIPlugin START] Reloading Section: "reloadable-plugin/ItemComparatorRegistryImpl/DefaultRuntimePlugin of DefaultRuntimePlugin [roughlyenoughitems]/"
[19:12:04] [main/TRACE] [REI] [REIPlugin START] Reloading Section: "reloadable-plugin/ItemComparatorRegistryImpl/DefaultRuntimePlugin of DefaultRuntimePlugin [roughlyenoughitems]/" done in 49.82 μs
[19:12:04] [main/TRACE] [REI] [REIPlugin START] Reloading Section: "reloadable-plugin/ItemComparatorRegistryImpl/" done in 1.755 ms
[19:12:04] [main/TRACE] [REI] [REIPlugin START] Reloading Section: "reloadable-plugin/FluidComparatorRegistryImpl/"
[19:12:04] [main/TRACE] [REI] [REIPlugin START] Reloading Section: "reloadable-plugin/FluidComparatorRegistryImpl/DefaultPlugin of DefaultPlugin [roughlyenoughitems]/"
[19:12:04] [main/TRACE] [REI] [REIPlugin START] Reloading Section: "reloadable-plugin/FluidComparatorRegistryImpl/DefaultPlugin of DefaultPlugin [roughlyenoughitems]/" done in 41.45 μs
[19:12:04] [main/TRACE] [REI] [REIPlugin START] Reloading Section: "reloadable-plugin/FluidComparatorRegistryImpl/FabricFluidAPISupportPlugin/"
[19:12:04] [main/TRACE] [REI] [REIPlugin START] Reloading Section: "reloadable-plugin/FluidComparatorRegistryImpl/FabricFluidAPISupportPlugin/" done in 39.69 μs
[19:12:04] [main/TRACE] [REI] [REIPlugin START] Reloading Section: "reloadable-plugin/FluidComparatorRegistryImpl/DefaultRuntimePlugin of DefaultRuntimePlugin [roughlyenoughitems]/"
[19:12:04] [main/TRACE] [REI] [REIPlugin START] Reloading Section: "reloadable-plugin/FluidComparatorRegistryImpl/DefaultRuntimePlugin of DefaultRuntimePlugin [roughlyenoughitems]/" done in 60.09 μs
[19:12:04] [main/TRACE] [REI] [REIPlugin START] Reloading Section: "reloadable-plugin/FluidComparatorRegistryImpl/" done in 444.3 μs
[19:12:04] [main/TRACE] [REI] [REIPlugin START] Reloading Section: "reloadable-plugin/DisplaySerializerRegistryImpl/"
[19:12:04] [main/TRACE] [REI] [REIPlugin START] Reloading Section: "reloadable-plugin/DisplaySerializerRegistryImpl/DefaultPlugin of DefaultPlugin [roughlyenoughitems]/"
[19:12:04] [main/TRACE] [REI] [REIPlugin START] Reloading Section: "reloadable-plugin/DisplaySerializerRegistryImpl/DefaultPlugin of DefaultPlugin [roughlyenoughitems]/" done in 54.40 μs
[19:12:04] [main/TRACE] [REI] [REIPlugin START] Reloading Section: "reloadable-plugin/DisplaySerializerRegistryImpl/FabricFluidAPISupportPlugin/"
[19:12:04] [main/TRACE] [REI] [REIPlugin START] Reloading Section: "reloadable-plugin/DisplaySerializerRegistryImpl/FabricFluidAPISupportPlugin/" done in 57.94 μs
[19:12:04] [main/TRACE] [REI] [REIPlugin START] Reloading Section: "reloadable-plugin/DisplaySerializerRegistryImpl/DefaultRuntimePlugin of DefaultRuntimePlugin [roughlyenoughitems]/"
[19:12:04] [main/TRACE] [REI] [REIPlugin START] Reloading Section: "reloadable-plugin/DisplaySerializerRegistryImpl/DefaultRuntimePlugin of DefaultRuntimePlugin [roughlyenoughitems]/" done in 77.94 μs
[19:12:04] [main/TRACE] [REI] [REIPlugin START] Reloading Section: "reloadable-plugin/DisplaySerializerRegistryImpl/" done in 584.9 μs
[19:12:04] [main/TRACE] [REI] [REIPlugin START] Reloading Section: "reloadable-plugin/FluidSupportProviderImpl/"
[19:12:04] [main/TRACE] [REI] [REIPlugin START] Reloading Section: "reloadable-plugin/FluidSupportProviderImpl/DefaultPlugin of DefaultPlugin [roughlyenoughitems]/"
[19:12:04] [main/TRACE] [REI] [REIPlugin START] Reloading Section: "reloadable-plugin/FluidSupportProviderImpl/DefaultPlugin of DefaultPlugin [roughlyenoughitems]/" done in 445.4 μs
[19:12:04] [main/TRACE] [REI] [REIPlugin START] Reloading Section: "reloadable-plugin/FluidSupportProviderImpl/FabricFluidAPISupportPlugin/"
[19:12:04] [main/TRACE] [REI] [REIPlugin START] Reloading Section: "reloadable-plugin/FluidSupportProviderImpl/FabricFluidAPISupportPlugin/" done in 277.7 μs
[19:12:04] [main/TRACE] [REI] [REIPlugin START] Reloading Section: "reloadable-plugin/FluidSupportProviderImpl/DefaultRuntimePlugin of DefaultRuntimePlugin [roughlyenoughitems]/"
[19:12:04] [main/TRACE] [REI] [REIPlugin START] Reloading Section: "reloadable-plugin/FluidSupportProviderImpl/DefaultRuntimePlugin of DefaultRuntimePlugin [roughlyenoughitems]/" done in 47.88 μs
[19:12:04] [main/TRACE] [REI] [REIPlugin START] Reloading Section: "reloadable-plugin/FluidSupportProviderImpl/" done in 1.139 ms
[19:12:04] [main/DEBUG] [REI] ========================================
[19:12:04] [main/DEBUG] [REI] REIPlugin ending main-reload for START.
[19:12:04] [main/DEBUG] [REI] ========================================
[19:12:04] [main/TRACE] [REI] [REIPlugin START] Reloading Section: "end-reload/"
[19:12:04] [main/TRACE] [REI] [REIPlugin START] Reloading Section: "end-reload/EntryTypeRegistryImpl/"
[19:12:04] [main/TRACE] [REI] [REIPlugin START] Reloading Section: "end-reload/EntryTypeRegistryImpl/" done in 58.57 μs
[19:12:04] [main/TRACE] [REI] [REIPlugin START] Reloading Section: "end-reload/EntrySettingsAdapterRegistryImpl/"
[19:12:04] [main/TRACE] [REI] [REIPlugin START] Reloading Section: "end-reload/EntrySettingsAdapterRegistryImpl/" done in 51.99 μs
[19:12:04] [main/TRACE] [REI] [REIPlugin START] Reloading Section: "end-reload/RecipeManagerContextImpl/"
[19:12:04] [main/TRACE] [REI] [REIPlugin START] Reloading Section: "end-reload/RecipeManagerContextImpl/" done in 42.83 μs
[19:12:04] [main/TRACE] [REI] [REIPlugin START] Reloading Section: "end-reload/ItemComparatorRegistryImpl/"
[19:12:04] [main/TRACE] [REI] [REIPlugin START] Reloading Section: "end-reload/ItemComparatorRegistryImpl/" done in 43.13 μs
[19:12:04] [main/TRACE] [REI] [REIPlugin START] Reloading Section: "end-reload/FluidComparatorRegistryImpl/"
[19:12:04] [main/TRACE] [REI] [REIPlugin START] Reloading Section: "end-reload/FluidComparatorRegistryImpl/" done in 46.49 μs
[19:12:04] [main/TRACE] [REI] [REIPlugin START] Reloading Section: "end-reload/DisplaySerializerRegistryImpl/"
[19:12:04] [main/TRACE] [REI] [REIPlugin START] Reloading Section: "end-reload/DisplaySerializerRegistryImpl/" done in 28.47 μs
[19:12:04] [main/TRACE] [REI] [REIPlugin START] Reloading Section: "end-reload/FluidSupportProviderImpl/"
[19:12:04] [main/TRACE] [REI] [REIPlugin START] Reloading Section: "end-reload/FluidSupportProviderImpl/" done in 25.56 μs
[19:12:04] [main/TRACE] [REI] [REIPlugin START] Reloading Section: "end-reload/" done in 909.6 μs
[19:12:04] [main/DEBUG] [REI] ========================================
[19:12:04] [main/DEBUG] [REI] REIPlugin ended main-reload for START in 17.36 ms.
[19:12:04] [main/DEBUG] [REI] ========================================
[19:12:04] [main/INFO] [REI] ****************************************
[19:12:04] [main/INFO] [REI] REIServerPlugin starting main-reload for START.
[19:12:04] [main/DEBUG] [REI] Reloadables (2):
[19:12:04] [main/DEBUG] [REI]  - MenuInfoRegistryImpl
[19:12:04] [main/DEBUG] [REI]  - SlotAccessorRegistryImpl
[19:12:04] [main/INFO] [REI] Plugins (3):
[19:12:04] [main/INFO] [REI]  - (-100.00) DefaultPlugin of DefaultPlugin [roughlyenoughitems]
[19:12:04] [main/INFO] [REI]  - (0.00) FabricFluidAPISupportPlugin
[19:12:04] [main/INFO] [REI]  - (0.00) DefaultRuntimePlugin of DefaultRuntimePlugin [roughlyenoughitems]
[19:12:04] [main/INFO] [REI] ****************************************
[19:12:04] [main/TRACE] [REI] [REIServerPlugin START] Reloading Section: "start-reload/"
[19:12:04] [main/TRACE] [REI] [REIServerPlugin START] Reloading Section: "start-reload/MenuInfoRegistryImpl/"
[19:12:04] [main/TRACE] [REI] [REIServerPlugin START] Reloading Section: "start-reload/MenuInfoRegistryImpl/" done in 46.01 μs
[19:12:04] [main/TRACE] [REI] [REIServerPlugin START] Reloading Section: "start-reload/SlotAccessorRegistryImpl/"
[19:12:04] [main/TRACE] [REI] [REIServerPlugin START] Reloading Section: "start-reload/SlotAccessorRegistryImpl/" done in 42.67 μs
[19:12:04] [main/TRACE] [REI] [REIServerPlugin START] Reloading Section: "start-reload/" done in 345.7 μs
[19:12:04] [main/DEBUG] [REI] ========================================
[19:12:04] [main/DEBUG] [REI] REIServerPlugin started main-reload for START.
[19:12:04] [main/DEBUG] [REI] ========================================
[19:12:04] [main/TRACE] [REI] [REIServerPlugin START] Reloading Section: "reloadable-plugin/MenuInfoRegistryImpl/"
[19:12:04] [main/TRACE] [REI] [REIServerPlugin START] Reloading Section: "reloadable-plugin/MenuInfoRegistryImpl/DefaultPlugin of DefaultPlugin [roughlyenoughitems]/"
[19:12:04] [main/TRACE] [REI] [REIServerPlugin START] Reloading Section: "reloadable-plugin/MenuInfoRegistryImpl/DefaultPlugin of DefaultPlugin [roughlyenoughitems]/" done in 40.39 μs
[19:12:04] [main/TRACE] [REI] [REIServerPlugin START] Reloading Section: "reloadable-plugin/MenuInfoRegistryImpl/FabricFluidAPISupportPlugin/"
[19:12:04] [main/TRACE] [REI] [REIServerPlugin START] Reloading Section: "reloadable-plugin/MenuInfoRegistryImpl/FabricFluidAPISupportPlugin/" done in 43.18 μs
[19:12:04] [main/TRACE] [REI] [REIServerPlugin START] Reloading Section: "reloadable-plugin/MenuInfoRegistryImpl/DefaultRuntimePlugin of DefaultRuntimePlugin [roughlyenoughitems]/"
[19:12:04] [main/TRACE] [REI] [REIServerPlugin START] Reloading Section: "reloadable-plugin/MenuInfoRegistryImpl/DefaultRuntimePlugin of DefaultRuntimePlugin [roughlyenoughitems]/" done in 38.71 μs
[19:12:04] [main/TRACE] [REI] [REIServerPlugin START] Reloading Section: "reloadable-plugin/MenuInfoRegistryImpl/" done in 430.1 μs
[19:12:04] [main/TRACE] [REI] [REIServerPlugin START] Reloading Section: "reloadable-plugin/SlotAccessorRegistryImpl/"
[19:12:04] [main/TRACE] [REI] [REIServerPlugin START] Reloading Section: "reloadable-plugin/SlotAccessorRegistryImpl/DefaultPlugin of DefaultPlugin [roughlyenoughitems]/"
[19:12:04] [main/TRACE] [REI] [REIServerPlugin START] Reloading Section: "reloadable-plugin/SlotAccessorRegistryImpl/DefaultPlugin of DefaultPlugin [roughlyenoughitems]/" done in 28.91 μs
[19:12:04] [main/TRACE] [REI] [REIServerPlugin START] Reloading Section: "reloadable-plugin/SlotAccessorRegistryImpl/FabricFluidAPISupportPlugin/"
[19:12:04] [main/TRACE] [REI] [REIServerPlugin START] Reloading Section: "reloadable-plugin/SlotAccessorRegistryImpl/FabricFluidAPISupportPlugin/" done in 32.09 μs
[19:12:04] [main/TRACE] [REI] [REIServerPlugin START] Reloading Section: "reloadable-plugin/SlotAccessorRegistryImpl/DefaultRuntimePlugin of DefaultRuntimePlugin [roughlyenoughitems]/"
[19:12:04] [main/TRACE] [REI] [REIServerPlugin START] Reloading Section: "reloadable-plugin/SlotAccessorRegistryImpl/DefaultRuntimePlugin of DefaultRuntimePlugin [roughlyenoughitems]/" done in 32.86 μs
[19:12:04] [main/TRACE] [REI] [REIServerPlugin START] Reloading Section: "reloadable-plugin/SlotAccessorRegistryImpl/" done in 306.7 μs
[19:12:04] [main/DEBUG] [REI] ========================================
[19:12:04] [main/DEBUG] [REI] REIServerPlugin ending main-reload for START.
[19:12:04] [main/DEBUG] [REI] ========================================
[19:12:04] [main/TRACE] [REI] [REIServerPlugin START] Reloading Section: "end-reload/"
[19:12:04] [main/TRACE] [REI] [REIServerPlugin START] Reloading Section: "end-reload/MenuInfoRegistryImpl/"
[19:12:04] [main/TRACE] [REI] [REIServerPlugin START] Reloading Section: "end-reload/MenuInfoRegistryImpl/" done in 23.10 μs
[19:12:04] [main/TRACE] [REI] [REIServerPlugin START] Reloading Section: "end-reload/SlotAccessorRegistryImpl/"
[19:12:04] [main/TRACE] [REI] [REIServerPlugin START] Reloading Section: "end-reload/SlotAccessorRegistryImpl/" done in 37.68 μs
[19:12:04] [main/TRACE] [REI] [REIServerPlugin START] Reloading Section: "end-reload/" done in 208.1 μs
[19:12:04] [main/DEBUG] [REI] ========================================
[19:12:04] [main/DEBUG] [REI] REIServerPlugin ended main-reload for START in 2.307 ms.
[19:12:04] [main/DEBUG] [REI] ========================================
[19:12:04] [main/DEBUG] [REI] ========================================
[19:12:04] [main/DEBUG] [REI] REIPlugin starting post-reload for START.
[19:12:04] [main/DEBUG] [REI] Reloadables (7):
[19:12:04] [main/DEBUG] [REI]  - EntryTypeRegistryImpl
[19:12:04] [main/DEBUG] [REI]  - EntrySettingsAdapterRegistryImpl
[19:12:04] [main/DEBUG] [REI]  - RecipeManagerContextImpl
[19:12:04] [main/DEBUG] [REI]  - ItemComparatorRegistryImpl
[19:12:04] [main/DEBUG] [REI]  - FluidComparatorRegistryImpl
[19:12:04] [main/DEBUG] [REI]  - DisplaySerializerRegistryImpl
[19:12:04] [main/DEBUG] [REI]  - FluidSupportProviderImpl
[19:12:04] [main/DEBUG] [REI] Plugins (3):
[19:12:04] [main/DEBUG] [REI]  - (-100.00) DefaultPlugin of DefaultPlugin [roughlyenoughitems]
[19:12:04] [main/DEBUG] [REI]  - (0.00) FabricFluidAPISupportPlugin
[19:12:04] [main/DEBUG] [REI]  - (0.00) DefaultRuntimePlugin of DefaultRuntimePlugin [roughlyenoughitems]
[19:12:04] [main/DEBUG] [REI] ========================================
[19:12:04] [main/TRACE] [REI] [REIPlugin START] Reloading Section: "post-register/"
[19:12:04] [main/TRACE] [REI] [REIPlugin START] Reloading Section: "post-register/DefaultPlugin of DefaultPlugin [roughlyenoughitems]/"
[19:12:04] [main/TRACE] [REI] [REIPlugin START] Reloading Section: "post-register/DefaultPlugin of DefaultPlugin [roughlyenoughitems]/" done in 219.1 μs
[19:12:04] [main/TRACE] [REI] [REIPlugin START] Reloading Section: "post-register/FabricFluidAPISupportPlugin/"
[19:12:04] [main/TRACE] [REI] [REIPlugin START] Reloading Section: "post-register/FabricFluidAPISupportPlugin/" done in 44.60 μs
[19:12:04] [main/TRACE] [REI] [REIPlugin START] Reloading Section: "post-register/DefaultRuntimePlugin of DefaultRuntimePlugin [roughlyenoughitems]/"
[19:12:04] [main/TRACE] [REI] [REIPlugin START] Reloading Section: "post-register/DefaultRuntimePlugin of DefaultRuntimePlugin [roughlyenoughitems]/" done in 39.18 μs
[19:12:04] [main/TRACE] [REI] [REIPlugin START] Reloading Section: "post-register/" done in 782.5 μs
[19:12:04] [main/TRACE] [REI] [REIPlugin START] Reloading Section: "post-stage/"
[19:12:04] [main/TRACE] [REI] [REIPlugin START] Reloading Section: "post-stage/EntryTypeRegistryImpl/"
[19:12:04] [main/TRACE] [REI] [REIPlugin START] Reloading Section: "post-stage/EntryTypeRegistryImpl/" done in 54.14 μs
[19:12:04] [main/TRACE] [REI] [REIPlugin START] Reloading Section: "post-stage/EntrySettingsAdapterRegistryImpl/"
[19:12:04] [main/TRACE] [REI] [REIPlugin START] Reloading Section: "post-stage/EntrySettingsAdapterRegistryImpl/" done in 38.96 μs
[19:12:04] [main/TRACE] [REI] [REIPlugin START] Reloading Section: "post-stage/RecipeManagerContextImpl/"
[19:12:04] [main/TRACE] [REI] [REIPlugin START] Reloading Section: "post-stage/RecipeManagerContextImpl/" done in 36.57 μs
[19:12:04] [main/TRACE] [REI] [REIPlugin START] Reloading Section: "post-stage/ItemComparatorRegistryImpl/"
[19:12:04] [main/TRACE] [REI] [REIPlugin START] Reloading Section: "post-stage/ItemComparatorRegistryImpl/" done in 38.34 μs
[19:12:04] [main/TRACE] [REI] [REIPlugin START] Reloading Section: "post-stage/FluidComparatorRegistryImpl/"
[19:12:04] [main/TRACE] [REI] [REIPlugin START] Reloading Section: "post-stage/FluidComparatorRegistryImpl/" done in 37.74 μs
[19:12:04] [main/TRACE] [REI] [REIPlugin START] Reloading Section: "post-stage/DisplaySerializerRegistryImpl/"
[19:12:04] [main/TRACE] [REI] [REIPlugin START] Reloading Section: "post-stage/DisplaySerializerRegistryImpl/" done in 34.55 μs
[19:12:04] [main/TRACE] [REI] [REIPlugin START] Reloading Section: "post-stage/FluidSupportProviderImpl/"
[19:12:04] [main/TRACE] [REI] [REIPlugin START] Reloading Section: "post-stage/FluidSupportProviderImpl/" done in 24.39 μs
[19:12:04] [main/TRACE] [REI] [REIPlugin START] Reloading Section: "post-stage/" done in 857.9 μs
[19:12:04] [main/DEBUG] [REI] ========================================
[19:12:04] [main/INFO] [REI] REIPlugin finished post-reload for START in 1.748 ms, totaling 32.14 ms.
[19:12:04] [main/DEBUG] [REI] ========================================
[19:12:04] [main/DEBUG] [REI] ========================================
[19:12:04] [main/DEBUG] [REI] REIServerPlugin starting post-reload for START.
[19:12:04] [main/DEBUG] [REI] Reloadables (2):
[19:12:04] [main/DEBUG] [REI]  - MenuInfoRegistryImpl
[19:12:04] [main/DEBUG] [REI]  - SlotAccessorRegistryImpl
[19:12:04] [main/DEBUG] [REI] Plugins (3):
[19:12:04] [main/DEBUG] [REI]  - (-100.00) DefaultPlugin of DefaultPlugin [roughlyenoughitems]
[19:12:04] [main/DEBUG] [REI]  - (0.00) FabricFluidAPISupportPlugin
[19:12:04] [main/DEBUG] [REI]  - (0.00) DefaultRuntimePlugin of DefaultRuntimePlugin [roughlyenoughitems]
[19:12:04] [main/DEBUG] [REI] ========================================
[19:12:04] [main/TRACE] [REI] [REIServerPlugin START] Reloading Section: "post-register/"
[19:12:04] [main/TRACE] [REI] [REIServerPlugin START] Reloading Section: "post-register/DefaultPlugin of DefaultPlugin [roughlyenoughitems]/"
[19:12:04] [main/TRACE] [REI] [REIServerPlugin START] Reloading Section: "post-register/DefaultPlugin of DefaultPlugin [roughlyenoughitems]/" done in 37.41 μs
[19:12:04] [main/TRACE] [REI] [REIServerPlugin START] Reloading Section: "post-register/FabricFluidAPISupportPlugin/"
[19:12:04] [main/TRACE] [REI] [REIServerPlugin START] Reloading Section: "post-register/FabricFluidAPISupportPlugin/" done in 41.65 μs
[19:12:04] [main/TRACE] [REI] [REIServerPlugin START] Reloading Section: "post-register/DefaultRuntimePlugin of DefaultRuntimePlugin [roughlyenoughitems]/"
[19:12:04] [main/TRACE] [REI] [REIServerPlugin START] Reloading Section: "post-register/DefaultRuntimePlugin of DefaultRuntimePlugin [roughlyenoughitems]/" done in 41.33 μs
[19:12:04] [main/TRACE] [REI] [REIServerPlugin START] Reloading Section: "post-register/" done in 381.8 μs
[19:12:04] [main/TRACE] [REI] [REIServerPlugin START] Reloading Section: "post-stage/"
[19:12:04] [main/TRACE] [REI] [REIServerPlugin START] Reloading Section: "post-stage/MenuInfoRegistryImpl/"
[19:12:04] [main/TRACE] [REI] [REIServerPlugin START] Reloading Section: "post-stage/MenuInfoRegistryImpl/" done in 35.00 μs
[19:12:04] [main/TRACE] [REI] [REIServerPlugin START] Reloading Section: "post-stage/SlotAccessorRegistryImpl/"
[19:12:04] [main/TRACE] [REI] [REIServerPlugin START] Reloading Section: "post-stage/SlotAccessorRegistryImpl/" done in 36.89 μs
[19:12:04] [main/TRACE] [REI] [REIServerPlugin START] Reloading Section: "post-stage/" done in 237.2 μs
[19:12:04] [main/DEBUG] [REI] ========================================
[19:12:04] [main/INFO] [REI] REIServerPlugin finished post-reload for START in 750.1 μs, totaling 3.968 ms.
[19:12:04] [main/DEBUG] [REI] ========================================
[19:12:04] [main/DEBUG] [REI] ========================================
[19:12:04] [main/DEBUG] [REI] REIPlugin starting pre-reload for END.
[19:12:04] [main/DEBUG] [REI] Reloadables (7):
[19:12:04] [main/DEBUG] [REI]  - EntryTypeRegistryImpl
[19:12:04] [main/DEBUG] [REI]  - EntrySettingsAdapterRegistryImpl
[19:12:04] [main/DEBUG] [REI]  - RecipeManagerContextImpl
[19:12:04] [main/DEBUG] [REI]  - ItemComparatorRegistryImpl
[19:12:04] [main/DEBUG] [REI]  - FluidComparatorRegistryImpl
[19:12:04] [main/DEBUG] [REI]  - DisplaySerializerRegistryImpl
[19:12:04] [main/DEBUG] [REI]  - FluidSupportProviderImpl
[19:12:04] [main/DEBUG] [REI] Plugins (3):
[19:12:04] [main/DEBUG] [REI]  - (-100.00) DefaultPlugin of DefaultPlugin [roughlyenoughitems]
[19:12:04] [main/DEBUG] [REI]  - (0.00) FabricFluidAPISupportPlugin
[19:12:04] [main/DEBUG] [REI]  - (0.00) DefaultRuntimePlugin of DefaultRuntimePlugin [roughlyenoughitems]
[19:12:04] [main/DEBUG] [REI] ========================================
[19:12:04] [main/TRACE] [REI] [REIPlugin END] Reloading Section: "pre-register/"
[19:12:04] [main/TRACE] [REI] [REIPlugin END] Reloading Section: "pre-register/DefaultPlugin of DefaultPlugin [roughlyenoughitems]/"
[19:12:04] [main/TRACE] [REI] [REIPlugin END] Reloading Section: "pre-register/DefaultPlugin of DefaultPlugin [roughlyenoughitems]/" done in 29.66 μs
[19:12:04] [main/TRACE] [REI] [REIPlugin END] Reloading Section: "pre-register/FabricFluidAPISupportPlugin/"
[19:12:04] [main/TRACE] [REI] [REIPlugin END] Reloading Section: "pre-register/FabricFluidAPISupportPlugin/" done in 39.69 μs
[19:12:04] [main/TRACE] [REI] [REIPlugin END] Reloading Section: "pre-register/DefaultRuntimePlugin of DefaultRuntimePlugin [roughlyenoughitems]/"
[19:12:04] [main/TRACE] [REI] [REIPlugin END] Reloading Section: "pre-register/DefaultRuntimePlugin of DefaultRuntimePlugin [roughlyenoughitems]/" done in 40.96 μs
[19:12:04] [main/TRACE] [REI] [REIPlugin END] Reloading Section: "pre-register/" done in 403.5 μs
[19:12:04] [main/TRACE] [REI] [REIPlugin END] Reloading Section: "pre-stage/"
[19:12:04] [main/TRACE] [REI] [REIPlugin END] Reloading Section: "pre-stage/EntryTypeRegistryImpl/"
[19:12:04] [main/TRACE] [REI] [REIPlugin END] Reloading Section: "pre-stage/EntryTypeRegistryImpl/" done in 35.30 μs
[19:12:04] [main/TRACE] [REI] [REIPlugin END] Reloading Section: "pre-stage/EntrySettingsAdapterRegistryImpl/"
[19:12:04] [main/TRACE] [REI] [REIPlugin END] Reloading Section: "pre-stage/EntrySettingsAdapterRegistryImpl/" done in 37.02 μs
[19:12:04] [main/TRACE] [REI] [REIPlugin END] Reloading Section: "pre-stage/RecipeManagerContextImpl/"
[19:12:04] [main/TRACE] [REI] [REIPlugin END] Reloading Section: "pre-stage/RecipeManagerContextImpl/" done in 54.33 μs
[19:12:04] [main/TRACE] [REI] [REIPlugin END] Reloading Section: "pre-stage/ItemComparatorRegistryImpl/"
[19:12:04] [main/TRACE] [REI] [REIPlugin END] Reloading Section: "pre-stage/ItemComparatorRegistryImpl/" done in 37.51 μs
[19:12:04] [main/TRACE] [REI] [REIPlugin END] Reloading Section: "pre-stage/FluidComparatorRegistryImpl/"
[19:12:04] [main/TRACE] [REI] [REIPlugin END] Reloading Section: "pre-stage/FluidComparatorRegistryImpl/" done in 34.73 μs
[19:12:04] [main/TRACE] [REI] [REIPlugin END] Reloading Section: "pre-stage/DisplaySerializerRegistryImpl/"
[19:12:04] [main/TRACE] [REI] [REIPlugin END] Reloading Section: "pre-stage/DisplaySerializerRegistryImpl/" done in 35.41 μs
[19:12:04] [main/TRACE] [REI] [REIPlugin END] Reloading Section: "pre-stage/FluidSupportProviderImpl/"
[19:12:04] [main/TRACE] [REI] [REIPlugin END] Reloading Section: "pre-stage/FluidSupportProviderImpl/" done in 57.11 μs
[19:12:04] [main/TRACE] [REI] [REIPlugin END] Reloading Section: "pre-stage/" done in 790.8 μs
[19:12:04] [main/DEBUG] [REI] ========================================
[19:12:04] [main/DEBUG] [REI] REIPlugin finished pre-reload for END in 1.306 ms.
[19:12:04] [main/DEBUG] [REI] ========================================
[19:12:04] [main/DEBUG] [REI] ========================================
[19:12:04] [main/DEBUG] [REI] REIServerPlugin starting pre-reload for END.
[19:12:04] [main/DEBUG] [REI] Reloadables (2):
[19:12:04] [main/DEBUG] [REI]  - MenuInfoRegistryImpl
[19:12:04] [main/DEBUG] [REI]  - SlotAccessorRegistryImpl
[19:12:04] [main/DEBUG] [REI] Plugins (3):
[19:12:04] [main/DEBUG] [REI]  - (-100.00) DefaultPlugin of DefaultPlugin [roughlyenoughitems]
[19:12:04] [main/DEBUG] [REI]  - (0.00) FabricFluidAPISupportPlugin
[19:12:04] [main/DEBUG] [REI]  - (0.00) DefaultRuntimePlugin of DefaultRuntimePlugin [roughlyenoughitems]
[19:12:04] [main/DEBUG] [REI] ========================================
[19:12:04] [main/TRACE] [REI] [REIServerPlugin END] Reloading Section: "pre-register/"
[19:12:04] [main/TRACE] [REI] [REIServerPlugin END] Reloading Section: "pre-register/DefaultPlugin of DefaultPlugin [roughlyenoughitems]/"
[19:12:04] [main/TRACE] [REI] [REIServerPlugin END] Reloading Section: "pre-register/DefaultPlugin of DefaultPlugin [roughlyenoughitems]/" done in 36.73 μs
[19:12:04] [main/TRACE] [REI] [REIServerPlugin END] Reloading Section: "pre-register/FabricFluidAPISupportPlugin/"
[19:12:04] [main/TRACE] [REI] [REIServerPlugin END] Reloading Section: "pre-register/FabricFluidAPISupportPlugin/" done in 36.95 μs
[19:12:04] [main/TRACE] [REI] [REIServerPlugin END] Reloading Section: "pre-register/DefaultRuntimePlugin of DefaultRuntimePlugin [roughlyenoughitems]/"
[19:12:04] [main/TRACE] [REI] [REIServerPlugin END] Reloading Section: "pre-register/DefaultRuntimePlugin of DefaultRuntimePlugin [roughlyenoughitems]/" done in 37.81 μs
[19:12:04] [main/TRACE] [REI] [REIServerPlugin END] Reloading Section: "pre-register/" done in 358.8 μs
[19:12:04] [main/TRACE] [REI] [REIServerPlugin END] Reloading Section: "pre-stage/"
[19:12:04] [main/TRACE] [REI] [REIServerPlugin END] Reloading Section: "pre-stage/MenuInfoRegistryImpl/"
[19:12:04] [main/TRACE] [REI] [REIServerPlugin END] Reloading Section: "pre-stage/MenuInfoRegistryImpl/" done in 37.43 μs
[19:12:04] [main/TRACE] [REI] [REIServerPlugin END] Reloading Section: "pre-stage/SlotAccessorRegistryImpl/"
[19:12:04] [main/TRACE] [REI] [REIServerPlugin END] Reloading Section: "pre-stage/SlotAccessorRegistryImpl/" done in 34.82 μs
[19:12:04] [main/TRACE] [REI] [REIServerPlugin END] Reloading Section: "pre-stage/" done in 232.9 μs
[19:12:04] [main/DEBUG] [REI] ========================================
[19:12:04] [main/DEBUG] [REI] REIServerPlugin finished pre-reload for END in 708.3 μs.
[19:12:04] [main/DEBUG] [REI] ========================================
[19:12:04] [main/INFO] [REI] ++++++++++++++++++++++++++++++++++++++++
[19:12:04] [main/INFO] [REI] REIPlugin starting main-reload for END.
[19:12:04] [main/DEBUG] [REI] Reloadables (7):
[19:12:04] [main/DEBUG] [REI]  - EntryTypeRegistryImpl
[19:12:04] [main/DEBUG] [REI]  - EntrySettingsAdapterRegistryImpl
[19:12:04] [main/DEBUG] [REI]  - RecipeManagerContextImpl
[19:12:04] [main/DEBUG] [REI]  - ItemComparatorRegistryImpl
[19:12:04] [main/DEBUG] [REI]  - FluidComparatorRegistryImpl
[19:12:04] [main/DEBUG] [REI]  - DisplaySerializerRegistryImpl
[19:12:04] [main/DEBUG] [REI]  - FluidSupportProviderImpl
[19:12:04] [main/INFO] [REI] Plugins (3):
[19:12:04] [main/INFO] [REI]  - (-100.00) DefaultPlugin of DefaultPlugin [roughlyenoughitems]
[19:12:04] [main/INFO] [REI]  - (0.00) FabricFluidAPISupportPlugin
[19:12:04] [main/INFO] [REI]  - (0.00) DefaultRuntimePlugin of DefaultRuntimePlugin [roughlyenoughitems]
[19:12:04] [main/INFO] [REI] ++++++++++++++++++++++++++++++++++++++++
[19:12:04] [main/TRACE] [REI] [REIPlugin END] Reloading Section: "start-reload/"
[19:12:04] [main/TRACE] [REI] [REIPlugin END] Reloading Section: "start-reload/EntryTypeRegistryImpl/"
[19:12:04] [main/TRACE] [REI] [REIPlugin END] Reloading Section: "start-reload/EntryTypeRegistryImpl/" done in 34.64 μs
[19:12:04] [main/TRACE] [REI] [REIPlugin END] Reloading Section: "start-reload/EntrySettingsAdapterRegistryImpl/"
[19:12:04] [main/TRACE] [REI] [REIPlugin END] Reloading Section: "start-reload/EntrySettingsAdapterRegistryImpl/" done in 46.18 μs
[19:12:04] [main/TRACE] [REI] [REIPlugin END] Reloading Section: "start-reload/RecipeManagerContextImpl/"
[19:12:04] [main/TRACE] [REI] [REIPlugin END] Reloading Section: "start-reload/RecipeManagerContextImpl/" done in 37.39 μs
[19:12:04] [main/TRACE] [REI] [REIPlugin END] Reloading Section: "start-reload/ItemComparatorRegistryImpl/"
[19:12:04] [main/TRACE] [REI] [REIPlugin END] Reloading Section: "start-reload/ItemComparatorRegistryImpl/" done in 34.02 μs
[19:12:04] [main/TRACE] [REI] [REIPlugin END] Reloading Section: "start-reload/FluidComparatorRegistryImpl/"
[19:12:04] [main/TRACE] [REI] [REIPlugin END] Reloading Section: "start-reload/FluidComparatorRegistryImpl/" done in 37.32 μs
[19:12:04] [main/TRACE] [REI] [REIPlugin END] Reloading Section: "start-reload/DisplaySerializerRegistryImpl/"
[19:12:04] [main/TRACE] [REI] [REIPlugin END] Reloading Section: "start-reload/DisplaySerializerRegistryImpl/" done in 38.10 μs
[19:12:04] [main/TRACE] [REI] [REIPlugin END] Reloading Section: "start-reload/FluidSupportProviderImpl/"
[19:12:04] [main/TRACE] [REI] [REIPlugin END] Reloading Section: "start-reload/FluidSupportProviderImpl/" done in 33.52 μs
[19:12:04] [main/TRACE] [REI] [REIPlugin END] Reloading Section: "start-reload/" done in 733.3 μs
[19:12:04] [main/DEBUG] [REI] ========================================
[19:12:04] [main/DEBUG] [REI] REIPlugin started main-reload for END.
[19:12:04] [main/DEBUG] [REI] ========================================
[19:12:04] [main/TRACE] [REI] [REIPlugin END] Reloading Section: "reloadable-plugin/EntryTypeRegistryImpl/"
[19:12:04] [main/TRACE] [REI] [REIPlugin END] Reloading Section: "reloadable-plugin/EntryTypeRegistryImpl/DefaultPlugin of DefaultPlugin [roughlyenoughitems]/"
[19:12:04] [main/TRACE] [REI] [REIPlugin END] Reloading Section: "reloadable-plugin/EntryTypeRegistryImpl/DefaultPlugin of DefaultPlugin [roughlyenoughitems]/" done in 43.29 μs
[19:12:04] [main/TRACE] [REI] [REIPlugin END] Reloading Section: "reloadable-plugin/EntryTypeRegistryImpl/FabricFluidAPISupportPlugin/"
[19:12:04] [main/TRACE] [REI] [REIPlugin END] Reloading Section: "reloadable-plugin/EntryTypeRegistryImpl/FabricFluidAPISupportPlugin/" done in 40.95 μs
[19:12:04] [main/TRACE] [REI] [REIPlugin END] Reloading Section: "reloadable-plugin/EntryTypeRegistryImpl/DefaultRuntimePlugin of DefaultRuntimePlugin [roughlyenoughitems]/"
[19:12:04] [main/TRACE] [REI] [REIPlugin END] Reloading Section: "reloadable-plugin/EntryTypeRegistryImpl/DefaultRuntimePlugin of DefaultRuntimePlugin [roughlyenoughitems]/" done in 34.17 μs
[19:12:04] [main/TRACE] [REI] [REIPlugin END] Reloading Section: "reloadable-plugin/EntryTypeRegistryImpl/" done in 351.0 μs
[19:12:04] [main/TRACE] [REI] [REIPlugin END] Reloading Section: "reloadable-plugin/EntrySettingsAdapterRegistryImpl/"
[19:12:04] [main/TRACE] [REI] [REIPlugin END] Reloading Section: "reloadable-plugin/EntrySettingsAdapterRegistryImpl/DefaultPlugin of DefaultPlugin [roughlyenoughitems]/"
[19:12:04] [main/TRACE] [REI] [REIPlugin END] Reloading Section: "reloadable-plugin/EntrySettingsAdapterRegistryImpl/DefaultPlugin of DefaultPlugin [roughlyenoughitems]/" done in 37.29 μs
[19:12:04] [main/TRACE] [REI] [REIPlugin END] Reloading Section: "reloadable-plugin/EntrySettingsAdapterRegistryImpl/FabricFluidAPISupportPlugin/"
[19:12:04] [main/TRACE] [REI] [REIPlugin END] Reloading Section: "reloadable-plugin/EntrySettingsAdapterRegistryImpl/FabricFluidAPISupportPlugin/" done in 29.83 μs
[19:12:04] [main/TRACE] [REI] [REIPlugin END] Reloading Section: "reloadable-plugin/EntrySettingsAdapterRegistryImpl/DefaultRuntimePlugin of DefaultRuntimePlugin [roughlyenoughitems]/"
[19:12:04] [main/TRACE] [REI] [REIPlugin END] Reloading Section: "reloadable-plugin/EntrySettingsAdapterRegistryImpl/DefaultRuntimePlugin of DefaultRuntimePlugin [roughlyenoughitems]/" done in 27.87 μs
[19:12:04] [main/TRACE] [REI] [REIPlugin END] Reloading Section: "reloadable-plugin/EntrySettingsAdapterRegistryImpl/" done in 286.4 μs
[19:12:04] [main/TRACE] [REI] [REIPlugin END] Reloading Section: "reloadable-plugin/RecipeManagerContextImpl/"
[19:12:04] [main/TRACE] [REI] [REIPlugin END] Reloading Section: "reloadable-plugin/RecipeManagerContextImpl/DefaultPlugin of DefaultPlugin [roughlyenoughitems]/"
[19:12:04] [main/TRACE] [REI] [REIPlugin END] Reloading Section: "reloadable-plugin/RecipeManagerContextImpl/DefaultPlugin of DefaultPlugin [roughlyenoughitems]/" done in 41.65 μs
[19:12:04] [main/TRACE] [REI] [REIPlugin END] Reloading Section: "reloadable-plugin/RecipeManagerContextImpl/FabricFluidAPISupportPlugin/"
[19:12:04] [main/TRACE] [REI] [REIPlugin END] Reloading Section: "reloadable-plugin/RecipeManagerContextImpl/FabricFluidAPISupportPlugin/" done in 65.50 μs
[19:12:04] [main/TRACE] [REI] [REIPlugin END] Reloading Section: "reloadable-plugin/RecipeManagerContextImpl/DefaultRuntimePlugin of DefaultRuntimePlugin [roughlyenoughitems]/"
[19:12:04] [main/TRACE] [REI] [REIPlugin END] Reloading Section: "reloadable-plugin/RecipeManagerContextImpl/DefaultRuntimePlugin of DefaultRuntimePlugin [roughlyenoughitems]/" done in 43.28 μs
[19:12:04] [main/TRACE] [REI] [REIPlugin END] Reloading Section: "reloadable-plugin/RecipeManagerContextImpl/" done in 408.2 μs
[19:12:04] [main/TRACE] [REI] [REIPlugin END] Reloading Section: "reloadable-plugin/ItemComparatorRegistryImpl/"
[19:12:04] [main/TRACE] [REI] [REIPlugin END] Reloading Section: "reloadable-plugin/ItemComparatorRegistryImpl/DefaultPlugin of DefaultPlugin [roughlyenoughitems]/"
[19:12:04] [main/TRACE] [REI] [REIPlugin END] Reloading Section: "reloadable-plugin/ItemComparatorRegistryImpl/DefaultPlugin of DefaultPlugin [roughlyenoughitems]/" done in 42.23 μs
[19:12:04] [main/TRACE] [REI] [REIPlugin END] Reloading Section: "reloadable-plugin/ItemComparatorRegistryImpl/FabricFluidAPISupportPlugin/"
[19:12:04] [main/TRACE] [REI] [REIPlugin END] Reloading Section: "reloadable-plugin/ItemComparatorRegistryImpl/FabricFluidAPISupportPlugin/" done in 41.50 μs
[19:12:04] [main/TRACE] [REI] [REIPlugin END] Reloading Section: "reloadable-plugin/ItemComparatorRegistryImpl/DefaultRuntimePlugin of DefaultRuntimePlugin [roughlyenoughitems]/"
[19:12:04] [main/TRACE] [REI] [REIPlugin END] Reloading Section: "reloadable-plugin/ItemComparatorRegistryImpl/DefaultRuntimePlugin of DefaultRuntimePlugin [roughlyenoughitems]/" done in 40.89 μs
[19:12:04] [main/TRACE] [REI] [REIPlugin END] Reloading Section: "reloadable-plugin/ItemComparatorRegistryImpl/" done in 375.3 μs
[19:12:04] [main/TRACE] [REI] [REIPlugin END] Reloading Section: "reloadable-plugin/FluidComparatorRegistryImpl/"
[19:12:04] [main/TRACE] [REI] [REIPlugin END] Reloading Section: "reloadable-plugin/FluidComparatorRegistryImpl/DefaultPlugin of DefaultPlugin [roughlyenoughitems]/"
[19:12:04] [main/TRACE] [REI] [REIPlugin END] Reloading Section: "reloadable-plugin/FluidComparatorRegistryImpl/DefaultPlugin of DefaultPlugin [roughlyenoughitems]/" done in 38.75 μs
[19:12:04] [main/TRACE] [REI] [REIPlugin END] Reloading Section: "reloadable-plugin/FluidComparatorRegistryImpl/FabricFluidAPISupportPlugin/"
[19:12:04] [main/TRACE] [REI] [REIPlugin END] Reloading Section: "reloadable-plugin/FluidComparatorRegistryImpl/FabricFluidAPISupportPlugin/" done in 41.85 μs
[19:12:04] [main/TRACE] [REI] [REIPlugin END] Reloading Section: "reloadable-plugin/FluidComparatorRegistryImpl/DefaultRuntimePlugin of DefaultRuntimePlugin [roughlyenoughitems]/"
[19:12:04] [main/TRACE] [REI] [REIPlugin END] Reloading Section: "reloadable-plugin/FluidComparatorRegistryImpl/DefaultRuntimePlugin of DefaultRuntimePlugin [roughlyenoughitems]/" done in 56.40 μs
[19:12:04] [main/TRACE] [REI] [REIPlugin END] Reloading Section: "reloadable-plugin/FluidComparatorRegistryImpl/" done in 379.6 μs
[19:12:04] [main/TRACE] [REI] [REIPlugin END] Reloading Section: "reloadable-plugin/DisplaySerializerRegistryImpl/"
[19:12:04] [main/TRACE] [REI] [REIPlugin END] Reloading Section: "reloadable-plugin/DisplaySerializerRegistryImpl/DefaultPlugin of DefaultPlugin [roughlyenoughitems]/"
[19:12:04] [main/TRACE] [REI] [REIPlugin END] Reloading Section: "reloadable-plugin/DisplaySerializerRegistryImpl/DefaultPlugin of DefaultPlugin [roughlyenoughitems]/" done in 17.47 ms
[19:12:04] [main/TRACE] [REI] [REIPlugin END] Reloading Section: "reloadable-plugin/DisplaySerializerRegistryImpl/FabricFluidAPISupportPlugin/"
[19:12:04] [main/TRACE] [REI] [REIPlugin END] Reloading Section: "reloadable-plugin/DisplaySerializerRegistryImpl/FabricFluidAPISupportPlugin/" done in 49.65 μs
[19:12:04] [main/TRACE] [REI] [REIPlugin END] Reloading Section: "reloadable-plugin/DisplaySerializerRegistryImpl/DefaultRuntimePlugin of DefaultRuntimePlugin [roughlyenoughitems]/"
[19:12:04] [main/TRACE] [REI] [REIPlugin END] Reloading Section: "reloadable-plugin/DisplaySerializerRegistryImpl/DefaultRuntimePlugin of DefaultRuntimePlugin [roughlyenoughitems]/" done in 47.74 μs
[19:12:04] [main/TRACE] [REI] [REIPlugin END] Reloading Section: "reloadable-plugin/DisplaySerializerRegistryImpl/" done in 18.05 ms
[19:12:04] [main/TRACE] [REI] [REIPlugin END] Reloading Section: "reloadable-plugin/FluidSupportProviderImpl/"
[19:12:04] [main/TRACE] [REI] [REIPlugin END] Reloading Section: "reloadable-plugin/FluidSupportProviderImpl/DefaultPlugin of DefaultPlugin [roughlyenoughitems]/"
[19:12:04] [main/TRACE] [REI] [REIPlugin END] Reloading Section: "reloadable-plugin/FluidSupportProviderImpl/DefaultPlugin of DefaultPlugin [roughlyenoughitems]/" done in 39.36 μs
[19:12:04] [main/TRACE] [REI] [REIPlugin END] Reloading Section: "reloadable-plugin/FluidSupportProviderImpl/FabricFluidAPISupportPlugin/"
[19:12:04] [main/TRACE] [REI] [REIPlugin END] Reloading Section: "reloadable-plugin/FluidSupportProviderImpl/FabricFluidAPISupportPlugin/" done in 41.66 μs
[19:12:04] [main/TRACE] [REI] [REIPlugin END] Reloading Section: "reloadable-plugin/FluidSupportProviderImpl/DefaultRuntimePlugin of DefaultRuntimePlugin [roughlyenoughitems]/"
[19:12:04] [main/TRACE] [REI] [REIPlugin END] Reloading Section: "reloadable-plugin/FluidSupportProviderImpl/DefaultRuntimePlugin of DefaultRuntimePlugin [roughlyenoughitems]/" done in 41.32 μs
[19:12:04] [main/TRACE] [REI] [REIPlugin END] Reloading Section: "reloadable-plugin/FluidSupportProviderImpl/" done in 390.9 μs
[19:12:04] [main/DEBUG] [REI] ========================================
[19:12:04] [main/DEBUG] [REI] REIPlugin ending main-reload for END.
[19:12:04] [main/DEBUG] [REI] ========================================
[19:12:04] [main/TRACE] [REI] [REIPlugin END] Reloading Section: "end-reload/"
[19:12:04] [main/TRACE] [REI] [REIPlugin END] Reloading Section: "end-reload/EntryTypeRegistryImpl/"
[19:12:04] [main/TRACE] [REI] [REIPlugin END] Reloading Section: "end-reload/EntryTypeRegistryImpl/" done in 45.99 μs
[19:12:04] [main/TRACE] [REI] [REIPlugin END] Reloading Section: "end-reload/EntrySettingsAdapterRegistryImpl/"
[19:12:04] [main/TRACE] [REI] [REIPlugin END] Reloading Section: "end-reload/EntrySettingsAdapterRegistryImpl/" done in 35.41 μs
[19:12:04] [main/TRACE] [REI] [REIPlugin END] Reloading Section: "end-reload/RecipeManagerContextImpl/"
[19:12:04] [main/TRACE] [REI] [REIPlugin END] Reloading Section: "end-reload/RecipeManagerContextImpl/" done in 32.03 μs
[19:12:04] [main/TRACE] [REI] [REIPlugin END] Reloading Section: "end-reload/ItemComparatorRegistryImpl/"
[19:12:04] [main/TRACE] [REI] [REIPlugin END] Reloading Section: "end-reload/ItemComparatorRegistryImpl/" done in 29.80 μs
[19:12:04] [main/TRACE] [REI] [REIPlugin END] Reloading Section: "end-reload/FluidComparatorRegistryImpl/"
[19:12:04] [main/TRACE] [REI] [REIPlugin END] Reloading Section: "end-reload/FluidComparatorRegistryImpl/" done in 24.61 μs
[19:12:04] [main/TRACE] [REI] [REIPlugin END] Reloading Section: "end-reload/DisplaySerializerRegistryImpl/"
[19:12:04] [main/TRACE] [REI] [REIPlugin END] Reloading Section: "end-reload/DisplaySerializerRegistryImpl/" done in 32.21 μs
[19:12:04] [main/TRACE] [REI] [REIPlugin END] Reloading Section: "end-reload/FluidSupportProviderImpl/"
[19:12:04] [main/TRACE] [REI] [REIPlugin END] Reloading Section: "end-reload/FluidSupportProviderImpl/" done in 33.03 μs
[19:12:04] [main/TRACE] [REI] [REIPlugin END] Reloading Section: "end-reload/" done in 691.0 μs
[19:12:04] [main/DEBUG] [REI] ========================================
[19:12:04] [main/DEBUG] [REI] REIPlugin ended main-reload for END in 23.08 ms.
[19:12:04] [main/DEBUG] [REI] ========================================
[19:12:04] [main/INFO] [REI] ~~~~~~~~~~~~~~~~~~~~~~~~~~~~~~~~~~~~~~~~
[19:12:04] [main/INFO] [REI] REIServerPlugin starting main-reload for END.
[19:12:04] [main/DEBUG] [REI] Reloadables (2):
[19:12:04] [main/DEBUG] [REI]  - MenuInfoRegistryImpl
[19:12:04] [main/DEBUG] [REI]  - SlotAccessorRegistryImpl
[19:12:04] [main/INFO] [REI] Plugins (3):
[19:12:04] [main/INFO] [REI]  - (-100.00) DefaultPlugin of DefaultPlugin [roughlyenoughitems]
[19:12:04] [main/INFO] [REI]  - (0.00) FabricFluidAPISupportPlugin
[19:12:04] [main/INFO] [REI]  - (0.00) DefaultRuntimePlugin of DefaultRuntimePlugin [roughlyenoughitems]
[19:12:04] [main/INFO] [REI] ~~~~~~~~~~~~~~~~~~~~~~~~~~~~~~~~~~~~~~~~
[19:12:04] [main/TRACE] [REI] [REIServerPlugin END] Reloading Section: "start-reload/"
[19:12:04] [main/TRACE] [REI] [REIServerPlugin END] Reloading Section: "start-reload/MenuInfoRegistryImpl/"
[19:12:04] [main/TRACE] [REI] [REIServerPlugin END] Reloading Section: "start-reload/MenuInfoRegistryImpl/" done in 52.97 μs
[19:12:04] [main/TRACE] [REI] [REIServerPlugin END] Reloading Section: "start-reload/SlotAccessorRegistryImpl/"
[19:12:04] [main/TRACE] [REI] [REIServerPlugin END] Reloading Section: "start-reload/SlotAccessorRegistryImpl/" done in 37.32 μs
[19:12:04] [main/TRACE] [REI] [REIServerPlugin END] Reloading Section: "start-reload/" done in 263.9 μs
[19:12:04] [main/DEBUG] [REI] ========================================
[19:12:04] [main/DEBUG] [REI] REIServerPlugin started main-reload for END.
[19:12:04] [main/DEBUG] [REI] ========================================
[19:12:04] [main/TRACE] [REI] [REIServerPlugin END] Reloading Section: "reloadable-plugin/MenuInfoRegistryImpl/"
[19:12:04] [main/TRACE] [REI] [REIServerPlugin END] Reloading Section: "reloadable-plugin/MenuInfoRegistryImpl/DefaultPlugin of DefaultPlugin [roughlyenoughitems]/"
[19:12:04] [main/TRACE] [REI] [REIServerPlugin END] Reloading Section: "reloadable-plugin/MenuInfoRegistryImpl/DefaultPlugin of DefaultPlugin [roughlyenoughitems]/" done in 40.07 μs
[19:12:04] [main/TRACE] [REI] [REIServerPlugin END] Reloading Section: "reloadable-plugin/MenuInfoRegistryImpl/FabricFluidAPISupportPlugin/"
[19:12:04] [main/TRACE] [REI] [REIServerPlugin END] Reloading Section: "reloadable-plugin/MenuInfoRegistryImpl/FabricFluidAPISupportPlugin/" done in 36.90 μs
[19:12:04] [main/TRACE] [REI] [REIServerPlugin END] Reloading Section: "reloadable-plugin/MenuInfoRegistryImpl/DefaultRuntimePlugin of DefaultRuntimePlugin [roughlyenoughitems]/"
[19:12:04] [main/TRACE] [REI] [REIServerPlugin END] Reloading Section: "reloadable-plugin/MenuInfoRegistryImpl/DefaultRuntimePlugin of DefaultRuntimePlugin [roughlyenoughitems]/" done in 28.21 μs
[19:12:04] [main/TRACE] [REI] [REIServerPlugin END] Reloading Section: "reloadable-plugin/MenuInfoRegistryImpl/" done in 334.3 μs
[19:12:04] [main/TRACE] [REI] [REIServerPlugin END] Reloading Section: "reloadable-plugin/SlotAccessorRegistryImpl/"
[19:12:04] [main/TRACE] [REI] [REIServerPlugin END] Reloading Section: "reloadable-plugin/SlotAccessorRegistryImpl/DefaultPlugin of DefaultPlugin [roughlyenoughitems]/"
[19:12:04] [main/TRACE] [REI] [REIServerPlugin END] Reloading Section: "reloadable-plugin/SlotAccessorRegistryImpl/DefaultPlugin of DefaultPlugin [roughlyenoughitems]/" done in 35.74 μs
[19:12:04] [main/TRACE] [REI] [REIServerPlugin END] Reloading Section: "reloadable-plugin/SlotAccessorRegistryImpl/FabricFluidAPISupportPlugin/"
[19:12:04] [main/TRACE] [REI] [REIServerPlugin END] Reloading Section: "reloadable-plugin/SlotAccessorRegistryImpl/FabricFluidAPISupportPlugin/" done in 73.83 μs
[19:12:04] [main/TRACE] [REI] [REIServerPlugin END] Reloading Section: "reloadable-plugin/SlotAccessorRegistryImpl/DefaultRuntimePlugin of DefaultRuntimePlugin [roughlyenoughitems]/"
[19:12:04] [main/DEBUG] [REI] Added slot accessor serializer: me.shedaniel.rei.plugin.common.runtime.DefaultRuntimePlugin$1@192ea2da [roughlyenoughitems:vanilla]
[19:12:04] [main/DEBUG] [REI] Added slot accessor serializer: me.shedaniel.rei.plugin.common.runtime.DefaultRuntimePlugin$2@3a1732b9 [roughlyenoughitems:player]
[19:12:04] [main/TRACE] [REI] [REIServerPlugin END] Reloading Section: "reloadable-plugin/SlotAccessorRegistryImpl/DefaultRuntimePlugin of DefaultRuntimePlugin [roughlyenoughitems]/" done in 1.420 ms
[19:12:04] [main/TRACE] [REI] [REIServerPlugin END] Reloading Section: "reloadable-plugin/SlotAccessorRegistryImpl/" done in 1.780 ms
[19:12:04] [main/DEBUG] [REI] ========================================
[19:12:04] [main/DEBUG] [REI] REIServerPlugin ending main-reload for END.
[19:12:04] [main/DEBUG] [REI] ========================================
[19:12:04] [main/TRACE] [REI] [REIServerPlugin END] Reloading Section: "end-reload/"
[19:12:04] [main/TRACE] [REI] [REIServerPlugin END] Reloading Section: "end-reload/MenuInfoRegistryImpl/"
[19:12:04] [main/DEBUG] [REI] Registered 0 menu infos
[19:12:04] [main/TRACE] [REI] [REIServerPlugin END] Reloading Section: "end-reload/MenuInfoRegistryImpl/" done in 82.73 μs
[19:12:04] [main/TRACE] [REI] [REIServerPlugin END] Reloading Section: "end-reload/SlotAccessorRegistryImpl/"
[19:12:04] [main/DEBUG] [REI] Registered 2 slot accessor serializers
[19:12:04] [main/TRACE] [REI] [REIServerPlugin END] Reloading Section: "end-reload/SlotAccessorRegistryImpl/" done in 75.81 μs
[19:12:04] [main/TRACE] [REI] [REIServerPlugin END] Reloading Section: "end-reload/" done in 323.2 μs
[19:12:04] [main/DEBUG] [REI] ========================================
[19:12:04] [main/DEBUG] [REI] REIServerPlugin ended main-reload for END in 3.909 ms.
[19:12:04] [main/DEBUG] [REI] ========================================
[19:12:04] [main/DEBUG] [REI] ========================================
[19:12:04] [main/DEBUG] [REI] REIPlugin starting post-reload for END.
[19:12:04] [main/DEBUG] [REI] Reloadables (7):
[19:12:04] [main/DEBUG] [REI]  - EntryTypeRegistryImpl
[19:12:04] [main/DEBUG] [REI]  - EntrySettingsAdapterRegistryImpl
[19:12:04] [main/DEBUG] [REI]  - RecipeManagerContextImpl
[19:12:04] [main/DEBUG] [REI]  - ItemComparatorRegistryImpl
[19:12:04] [main/DEBUG] [REI]  - FluidComparatorRegistryImpl
[19:12:04] [main/DEBUG] [REI]  - DisplaySerializerRegistryImpl
[19:12:04] [main/DEBUG] [REI]  - FluidSupportProviderImpl
[19:12:04] [main/DEBUG] [REI] Plugins (3):
[19:12:04] [main/DEBUG] [REI]  - (-100.00) DefaultPlugin of DefaultPlugin [roughlyenoughitems]
[19:12:04] [main/DEBUG] [REI]  - (0.00) FabricFluidAPISupportPlugin
[19:12:04] [main/DEBUG] [REI]  - (0.00) DefaultRuntimePlugin of DefaultRuntimePlugin [roughlyenoughitems]
[19:12:04] [main/DEBUG] [REI] ========================================
[19:12:04] [main/TRACE] [REI] [REIPlugin END] Reloading Section: "post-register/"
[19:12:04] [main/TRACE] [REI] [REIPlugin END] Reloading Section: "post-register/DefaultPlugin of DefaultPlugin [roughlyenoughitems]/"
[19:12:04] [main/TRACE] [REI] [REIPlugin END] Reloading Section: "post-register/DefaultPlugin of DefaultPlugin [roughlyenoughitems]/" done in 49.13 μs
[19:12:04] [main/TRACE] [REI] [REIPlugin END] Reloading Section: "post-register/FabricFluidAPISupportPlugin/"
[19:12:04] [main/TRACE] [REI] [REIPlugin END] Reloading Section: "post-register/FabricFluidAPISupportPlugin/" done in 24.83 μs
[19:12:04] [main/TRACE] [REI] [REIPlugin END] Reloading Section: "post-register/DefaultRuntimePlugin of DefaultRuntimePlugin [roughlyenoughitems]/"
[19:12:04] [main/TRACE] [REI] [REIPlugin END] Reloading Section: "post-register/DefaultRuntimePlugin of DefaultRuntimePlugin [roughlyenoughitems]/" done in 21.68 μs
[19:12:04] [main/TRACE] [REI] [REIPlugin END] Reloading Section: "post-register/" done in 317.4 μs
[19:12:04] [main/TRACE] [REI] [REIPlugin END] Reloading Section: "post-stage/"
[19:12:04] [main/TRACE] [REI] [REIPlugin END] Reloading Section: "post-stage/EntryTypeRegistryImpl/"
[19:12:04] [main/TRACE] [REI] [REIPlugin END] Reloading Section: "post-stage/EntryTypeRegistryImpl/" done in 26.14 μs
[19:12:04] [main/TRACE] [REI] [REIPlugin END] Reloading Section: "post-stage/EntrySettingsAdapterRegistryImpl/"
[19:12:04] [main/TRACE] [REI] [REIPlugin END] Reloading Section: "post-stage/EntrySettingsAdapterRegistryImpl/" done in 27.18 μs
[19:12:04] [main/TRACE] [REI] [REIPlugin END] Reloading Section: "post-stage/RecipeManagerContextImpl/"
[19:12:04] [main/TRACE] [REI] [REIPlugin END] Reloading Section: "post-stage/RecipeManagerContextImpl/" done in 33.03 μs
[19:12:04] [main/TRACE] [REI] [REIPlugin END] Reloading Section: "post-stage/ItemComparatorRegistryImpl/"
[19:12:04] [main/TRACE] [REI] [REIPlugin END] Reloading Section: "post-stage/ItemComparatorRegistryImpl/" done in 20.76 μs
[19:12:04] [main/TRACE] [REI] [REIPlugin END] Reloading Section: "post-stage/FluidComparatorRegistryImpl/"
[19:12:04] [main/TRACE] [REI] [REIPlugin END] Reloading Section: "post-stage/FluidComparatorRegistryImpl/" done in 18.72 μs
[19:12:04] [main/TRACE] [REI] [REIPlugin END] Reloading Section: "post-stage/DisplaySerializerRegistryImpl/"
[19:12:04] [main/TRACE] [REI] [REIPlugin END] Reloading Section: "post-stage/DisplaySerializerRegistryImpl/" done in 18.62 μs
[19:12:04] [main/TRACE] [REI] [REIPlugin END] Reloading Section: "post-stage/FluidSupportProviderImpl/"
[19:12:04] [main/TRACE] [REI] [REIPlugin END] Reloading Section: "post-stage/FluidSupportProviderImpl/" done in 19.28 μs
[19:12:04] [main/TRACE] [REI] [REIPlugin END] Reloading Section: "post-stage/" done in 540.9 μs
[19:12:04] [main/DEBUG] [REI] ========================================
[19:12:04] [main/INFO] [REI] REIPlugin finished post-reload for END in 943.0 μs, totaling 25.30 ms.
[19:12:04] [main/DEBUG] [REI] ========================================
[19:12:04] [main/DEBUG] [REI] ========================================
[19:12:04] [main/DEBUG] [REI] REIServerPlugin starting post-reload for END.
[19:12:04] [main/DEBUG] [REI] Reloadables (2):
[19:12:04] [main/DEBUG] [REI]  - MenuInfoRegistryImpl
[19:12:04] [main/DEBUG] [REI]  - SlotAccessorRegistryImpl
[19:12:04] [main/DEBUG] [REI] Plugins (3):
[19:12:04] [main/DEBUG] [REI]  - (-100.00) DefaultPlugin of DefaultPlugin [roughlyenoughitems]
[19:12:04] [main/DEBUG] [REI]  - (0.00) FabricFluidAPISupportPlugin
[19:12:04] [main/DEBUG] [REI]  - (0.00) DefaultRuntimePlugin of DefaultRuntimePlugin [roughlyenoughitems]
[19:12:04] [main/DEBUG] [REI] ========================================
[19:12:04] [main/TRACE] [REI] [REIServerPlugin END] Reloading Section: "post-register/"
[19:12:04] [main/TRACE] [REI] [REIServerPlugin END] Reloading Section: "post-register/DefaultPlugin of DefaultPlugin [roughlyenoughitems]/"
[19:12:04] [main/TRACE] [REI] [REIServerPlugin END] Reloading Section: "post-register/DefaultPlugin of DefaultPlugin [roughlyenoughitems]/" done in 24.07 μs
[19:12:04] [main/TRACE] [REI] [REIServerPlugin END] Reloading Section: "post-register/FabricFluidAPISupportPlugin/"
[19:12:04] [main/TRACE] [REI] [REIServerPlugin END] Reloading Section: "post-register/FabricFluidAPISupportPlugin/" done in 22.44 μs
[19:12:04] [main/TRACE] [REI] [REIServerPlugin END] Reloading Section: "post-register/DefaultRuntimePlugin of DefaultRuntimePlugin [roughlyenoughitems]/"
[19:12:04] [main/TRACE] [REI] [REIServerPlugin END] Reloading Section: "post-register/DefaultRuntimePlugin of DefaultRuntimePlugin [roughlyenoughitems]/" done in 23.70 μs
[19:12:04] [main/TRACE] [REI] [REIServerPlugin END] Reloading Section: "post-register/" done in 256.8 μs
[19:12:04] [main/TRACE] [REI] [REIServerPlugin END] Reloading Section: "post-stage/"
[19:12:04] [main/TRACE] [REI] [REIServerPlugin END] Reloading Section: "post-stage/MenuInfoRegistryImpl/"
[19:12:04] [main/TRACE] [REI] [REIServerPlugin END] Reloading Section: "post-stage/MenuInfoRegistryImpl/" done in 22.69 μs
[19:12:04] [main/TRACE] [REI] [REIServerPlugin END] Reloading Section: "post-stage/SlotAccessorRegistryImpl/"
[19:12:04] [main/TRACE] [REI] [REIServerPlugin END] Reloading Section: "post-stage/SlotAccessorRegistryImpl/" done in 23.25 μs
[19:12:04] [main/TRACE] [REI] [REIServerPlugin END] Reloading Section: "post-stage/" done in 170.1 μs
[19:12:04] [main/DEBUG] [REI] ========================================
[19:12:04] [main/INFO] [REI] REIServerPlugin finished post-reload for END in 515.4 μs, totaling 5.117 ms.
[19:12:04] [main/DEBUG] [REI] ========================================
